<?xml version="1.0" encoding="UTF-8"?>
<testsuite xmlns:xsi="http://www.w3.org/2001/XMLSchema-instance" xsi:noNamespaceSchemaLocation="https://maven.apache.org/surefire/maven-surefire-plugin/xsd/surefire-test-report-3.0.xsd" version="3.0" name="runners.AllTests" time="76.841" tests="34" errors="0" skipped="0" failures="0">
  <properties>
[...]
</properties>
  <testcase name="[1:7] Consultar lista de livros e adicionar o primeiro ISBN dinamicamente" classname="features/adicionarLivroAoUsuario" time="7.122">
    <system-out><![CDATA[11:15:17.028 [main] DEBUG com.intuit.karate.Suite - [config] classpath:karate-config.js
11:15:17.188 [main] INFO  com.intuit.karate - >> lock acquired, begin callSingle: classpath:features/criarUsuario.feature
11:15:17.227 [main] DEBUG c.intuit.karate.core.ScenarioEngine - over-writing existing variable 'userName' with new value: 'usuario_' + java.util.UUID.randomUUID()
11:15:17.310 [main] DEBUG c.intuit.karate.core.ScenarioEngine - over-writing existing variable 'password' with new value: 'Senha@123'
11:15:17.637 [main] DEBUG com.intuit.karate - request:
1 > POST https://bookstore.demoqa.com/Account/v1/User
1 > Content-Type: application/json; charset=UTF-8
1 > Content-Length: 82
1 > Host: bookstore.demoqa.com
1 > Connection: Keep-Alive
1 > User-Agent: Apache-HttpClient/4.5.14 (Java/21.0.9)
1 > Accept-Encoding: gzip,deflate
{"userName":"usuario_919a647c-6401-484c-9960-094d0821c70a","password":"Senha@123"}

11:15:18.785 [main] DEBUG com.intuit.karate - response time in milliseconds: 1140
1 < 201
1 < Server: nginx/1.17.10 (Ubuntu)
1 < Date: Mon, 12 Jan 2026 14:15:19 GMT
1 < Content-Type: application/json; charset=utf-8
1 < Content-Length: 118
1 < Connection: keep-alive
1 < X-Powered-By: Express
1 < ETag: W/"76-F53fM9kYg19iHu2pO3Dfqgr/NIw"
{"userID":"f7202f12-d954-4583-b616-436f0e76951b","username":"usuario_919a647c-6401-484c-9960-094d0821c70a","books":[]}

11:15:18.807 [main] INFO  com.intuit.karate - [print] UserId retornado: f7202f12-d954-4583-b616-436f0e76951b 
11:15:18.811 [main] DEBUG com.intuit.karate - request:
2 > POST https://bookstore.demoqa.com/Account/v1/GenerateToken
2 > Content-Type: application/json; charset=UTF-8
2 > Content-Length: 82
2 > Host: bookstore.demoqa.com
2 > Connection: Keep-Alive
2 > User-Agent: Apache-HttpClient/4.5.14 (Java/21.0.9)
2 > Accept-Encoding: gzip,deflate
{"userName":"usuario_919a647c-6401-484c-9960-094d0821c70a","password":"Senha@123"}

11:15:20.116 [main] DEBUG com.intuit.karate - response time in milliseconds: 1305
2 < 200
2 < Server: nginx/1.17.10 (Ubuntu)
2 < Date: Mon, 12 Jan 2026 14:15:20 GMT
2 < Content-Type: application/json; charset=utf-8
2 < Content-Length: 322
2 < Connection: keep-alive
2 < X-Powered-By: Express
2 < ETag: W/"142-JAhZb4hWLFMQCdwnod9xX/urmWQ"
{"token":"eyJhbGciOiJIUzI1NiIsInR5cCI6IkpXVCJ9.eyJ1c2VyTmFtZSI6InVzdWFyaW9fOTE5YTY0N2MtNjQwMS00ODRjLTk5NjAtMDk0ZDA4MjFjNzBhIiwicGFzc3dvcmQiOiJTZW5oYUAxMjMiLCJpYXQiOjE3NjgyMjczMTl9.x0qv268GDz02ZplVCSbe-FWUrAHHw8POOqC4nxLd47Q","expires":"2026-01-19T14:15:19.895Z","status":"Success","result":"User authorized successfully."}

11:15:20.116 [main] INFO  com.intuit.karate - [print] Token gerado: eyJhbGciOiJIUzI1NiIsInR5cCI6IkpXVCJ9.eyJ1c2VyTmFtZSI6InVzdWFyaW9fOTE5YTY0N2MtNjQwMS00ODRjLTk5NjAtMDk0ZDA4MjFjNzBhIiwicGFzc3dvcmQiOiJTZW5oYUAxMjMiLCJpYXQiOjE3NjgyMjczMTl9.x0qv268GDz02ZplVCSbe-FWUrAHHw8POOqC4nxLd47Q 
11:15:20.122 [main] INFO  com.intuit.karate - << lock released, cached callSingle: classpath:features/criarUsuario.feature
11:15:20.122 [main] INFO  com.intuit.karate - Token gerado no config: eyJhbGciOiJIUzI1NiIsInR5cCI6IkpXVCJ9.eyJ1c2VyTmFtZSI6InVzdWFyaW9fOTE5YTY0N2MtNjQwMS00ODRjLTk5NjAtMDk0ZDA4MjFjNzBhIiwicGFzc3dvcmQiOiJTZW5oYUAxMjMiLCJpYXQiOjE3NjgyMjczMTl9.x0qv268GDz02ZplVCSbe-FWUrAHHw8POOqC4nxLd47Q UserId: uid_1768227317163 
11:15:20.122 [main] DEBUG c.intuit.karate.core.ScenarioEngine - over-writing existing variable 'baseUrl' with new value: 'https://bookstore.demoqa.com'
11:15:20.122 [main] DEBUG com.intuit.karate - request:
1 > POST https://bookstore.demoqa.com/Account/v1/User
1 > Content-Type: application/json; charset=UTF-8
1 > Content-Length: 95
1 > Host: bookstore.demoqa.com
1 > Connection: Keep-Alive
1 > User-Agent: Apache-HttpClient/4.5.14 (Java/21.0.9)
1 > Accept-Encoding: gzip,deflate
{"userName":"gabriel_user_925f3962-ad09-495c-a2a1-2089fd5d8887","password":"Senha@qualquer123"}

11:15:21.051 [main] DEBUG com.intuit.karate - response time in milliseconds: 929
1 < 201
1 < Server: nginx/1.17.10 (Ubuntu)
1 < Date: Mon, 12 Jan 2026 14:15:21 GMT
1 < Content-Type: application/json; charset=utf-8
1 < Content-Length: 123
1 < Connection: keep-alive
1 < X-Powered-By: Express
1 < ETag: W/"7b-pAKFYZ8ahX4j60mhzWNqb7qjv9I"
{"userID":"d4affd44-58a5-4475-a9c7-28bf3995a4b9","username":"gabriel_user_925f3962-ad09-495c-a2a1-2089fd5d8887","books":[]}

11:15:21.061 [main] INFO  com.intuit.karate - [print] Usuário criado: gabriel_user_925f3962-ad09-495c-a2a1-2089fd5d8887 userID: d4affd44-58a5-4475-a9c7-28bf3995a4b9 
11:15:21.070 [main] DEBUG com.intuit.karate - request:
2 > POST https://bookstore.demoqa.com/Account/v1/GenerateToken
2 > Content-Type: application/json; charset=UTF-8
2 > Content-Length: 95
2 > Host: bookstore.demoqa.com
2 > Connection: Keep-Alive
2 > User-Agent: Apache-HttpClient/4.5.14 (Java/21.0.9)
2 > Accept-Encoding: gzip,deflate
{"userName":"gabriel_user_925f3962-ad09-495c-a2a1-2089fd5d8887","password":"Senha@qualquer123"}

11:15:22.524 [main] DEBUG com.intuit.karate - response time in milliseconds: 1454
2 < 200
2 < Server: nginx/1.17.10 (Ubuntu)
2 < Date: Mon, 12 Jan 2026 14:15:23 GMT
2 < Content-Type: application/json; charset=utf-8
2 < Content-Length: 340
2 < Connection: keep-alive
2 < X-Powered-By: Express
2 < ETag: W/"154-GjLY50BdqVHyubUcNGPxWK4s16c"
{"token":"eyJhbGciOiJIUzI1NiIsInR5cCI6IkpXVCJ9.eyJ1c2VyTmFtZSI6ImdhYnJpZWxfdXNlcl85MjVmMzk2Mi1hZDA5LTQ5NWMtYTJhMS0yMDg5ZmQ1ZDg4ODciLCJwYXNzd29yZCI6IlNlbmhhQHF1YWxxdWVyMTIzIiwiaWF0IjoxNzY4MjI3MzIyfQ.ZoIR2XtQVTde4btpZeY7PeNfSV82yFIDInYlmI01wvU","expires":"2026-01-19T14:15:22.130Z","status":"Success","result":"User authorized successfully."}

11:15:22.526 [main] INFO  com.intuit.karate - [print] Token gerado: eyJhbGciOiJIUzI1NiIsInR5cCI6IkpXVCJ9.eyJ1c2VyTmFtZSI6ImdhYnJpZWxfdXNlcl85MjVmMzk2Mi1hZDA5LTQ5NWMtYTJhMS0yMDg5ZmQ1ZDg4ODciLCJwYXNzd29yZCI6IlNlbmhhQHF1YWxxdWVyMTIzIiwiaWF0IjoxNzY4MjI3MzIyfQ.ZoIR2XtQVTde4btpZeY7PeNfSV82yFIDInYlmI01wvU 
11:15:22.528 [main] DEBUG com.intuit.karate - request:
3 > GET https://bookstore.demoqa.com/BookStore/v1/Books
3 > Host: bookstore.demoqa.com
3 > Connection: Keep-Alive
3 > User-Agent: Apache-HttpClient/4.5.14 (Java/21.0.9)
3 > Accept-Encoding: gzip,deflate


11:15:23.019 [main] DEBUG com.intuit.karate - response time in milliseconds: 488
3 < 200
3 < Server: nginx/1.17.10 (Ubuntu)
3 < Date: Mon, 12 Jan 2026 14:15:23 GMT
3 < Content-Type: application/json; charset=utf-8
3 < Content-Length: 4514
3 < Connection: keep-alive
3 < X-Powered-By: Express
3 < ETag: W/"11a2-8zfX++QwcgaCjSU6F8JP9fUd1tY"
{"books":[{"isbn":"9781449325862","title":"Git Pocket Guide","subTitle":"A Working Introduction","author":"Richard E. Silverman","publish_date":"2020-06-04T08:48:39.000Z","publisher":"O'Reilly Media","pages":234,"description":"This pocket guide is the perfect on-the-job companion to Git, the distributed version control system. It provides a compact, readable introduction to Git for new users, as well as a reference to common commands and procedures for those of you with Git exp","website":"http://chimera.labs.oreilly.com/books/1230000000561/index.html"},{"isbn":"9781449331818","title":"Learning JavaScript Design Patterns","subTitle":"A JavaScript and jQuery Developer's Guide","author":"Addy Osmani","publish_date":"2020-06-04T09:11:40.000Z","publisher":"O'Reilly Media","pages":254,"description":"With Learning JavaScript Design Patterns, you'll learn how to write beautiful, structured, and maintainable JavaScript by applying classical and modern design patterns to the language. If you want to keep your code efficient, more manageable, and up-to-da","website":"http://www.addyosmani.com/resources/essentialjsdesignpatterns/book/"},{"isbn":"9781449337711","title":"Designing Evolvable Web APIs with ASP.NET","subTitle":"Harnessing the Power of the Web","author":"Glenn Block et al.","publish_date":"2020-06-04T09:12:43.000Z","publisher":"O'Reilly Media","pages":238,"description":"Design and build Web APIs for a broad range of clients—including browsers and mobile devices—that can adapt to change over time. This practical, hands-on guide takes you through the theory and tools you need to build evolvable HTTP services with Microsoft","website":"http://chimera.labs.oreilly.com/books/1234000001708/index.html"},{"isbn":"9781449365035","title":"Speaking JavaScript","subTitle":"An In-Depth Guide for Programmers","author":"Axel Rauschmayer","publish_date":"2014-02-01T00:00:00.000Z","publisher":"O'Reilly Media","pages":460,"description":"Like it or not, JavaScript is everywhere these days-from browser to server to mobile-and now you, too, need to learn the language or dive deeper than you have. This concise book guides you into and through JavaScript, written by a veteran programmer who o","website":"http://speakingjs.com/"},{"isbn":"9781491904244","title":"You Don't Know JS","subTitle":"ES6 & Beyond","author":"Kyle Simpson","publish_date":"2015-12-27T00:00:00.000Z","publisher":"O'Reilly Media","pages":278,"description":"No matter how much experience you have with JavaScript, odds are you don’t fully understand the language. As part of the \\\"You Don’t Know JS\\\" series, this compact guide focuses on new features available in ECMAScript 6 (ES6), the latest version of the st","website":"https://github.com/getify/You-Dont-Know-JS/tree/master/es6%20&%20beyond"},{"isbn":"9781491950296","title":"Programming JavaScript Applications","subTitle":"Robust Web Architecture with Node, HTML5, and Modern JS Libraries","author":"Eric Elliott","publish_date":"2014-07-01T00:00:00.000Z","publisher":"O'Reilly Media","pages":254,"description":"Take advantage of JavaScript's power to build robust web-scale or enterprise applications that are easy to extend and maintain. By applying the design patterns outlined in this practical book, experienced JavaScript developers will learn how to write flex","website":"http://chimera.labs.oreilly.com/books/1234000000262/index.html"},{"isbn":"9781593275846","title":"Eloquent JavaScript, Second Edition","subTitle":"A Modern Introduction to Programming","author":"Marijn Haverbeke","publish_date":"2014-12-14T00:00:00.000Z","publisher":"No Starch Press","pages":472,"description":"JavaScript lies at the heart of almost every modern web application, from social apps to the newest browser-based games. Though simple for beginners to pick up and play with, JavaScript is a flexible, complex language that you can use to build full-scale ","website":"http://eloquentjavascript.net/"},{"isbn":"9781593277574","title":"Understanding ECMAScript 6","subTitle":"The Definitive Guide for JavaScript Developers","author":"Nicholas C. Zakas","publish_date":"2016-09-03T00:00:00.000Z","publisher":"No Starch Press","pages":352,"description":"ECMAScript 6 represents the biggest update to the core of JavaScript in the history of the language. In Understanding ECMAScript 6, expert developer Nicholas C. Zakas provides a complete guide to the object types, syntax, and other exciting changes that E","website":"https://leanpub.com/understandinges6/read"}]}

11:15:23.032 [main] INFO  com.intuit.karate - [print] Primeiro ISBN capturado: 9781449325862 
11:15:23.033 [main] DEBUG com.intuit.karate - request:
4 > POST https://bookstore.demoqa.com/BookStore/v1/Books
4 > Authorization: Bearer eyJhbGciOiJIUzI1NiIsInR5cCI6IkpXVCJ9.eyJ1c2VyTmFtZSI6ImdhYnJpZWxfdXNlcl85MjVmMzk2Mi1hZDA5LTQ5NWMtYTJhMS0yMDg5ZmQ1ZDg4ODciLCJwYXNzd29yZCI6IlNlbmhhQHF1YWxxdWVyMTIzIiwiaWF0IjoxNzY4MjI3MzIyfQ.ZoIR2XtQVTde4btpZeY7PeNfSV82yFIDInYlmI01wvU
4 > Content-Type: application/json; charset=UTF-8
4 > Content-Length: 96
4 > Host: bookstore.demoqa.com
4 > Connection: Keep-Alive
4 > User-Agent: Apache-HttpClient/4.5.14 (Java/21.0.9)
4 > Accept-Encoding: gzip,deflate
{"userId":"d4affd44-58a5-4475-a9c7-28bf3995a4b9","collectionOfIsbns":[{"isbn":"9781449325862"}]}

11:15:23.721 [main] DEBUG com.intuit.karate - response time in milliseconds: 688
4 < 201
4 < Server: nginx/1.17.10 (Ubuntu)
4 < Date: Mon, 12 Jan 2026 14:15:24 GMT
4 < Content-Type: application/json; charset=utf-8
4 < Content-Length: 36
4 < Connection: keep-alive
4 < X-Powered-By: Express
4 < ETag: W/"24-2U7DK3nFgERO/LjA8mW3SiqYyFc"
{"books":[{"isbn":"9781449325862"}]}

11:15:23.721 [main] INFO  com.intuit.karate - [print] Livro adicionado com sucesso ao usuário: gabriel_user_925f3962-ad09-495c-a2a1-2089fd5d8887 
11:15:23.725 [main] DEBUG com.intuit.karate - request:
5 > GET https://bookstore.demoqa.com/BookStore/v1/Book?ISBN=9781449325862
5 > Host: bookstore.demoqa.com
5 > Connection: Keep-Alive
5 > User-Agent: Apache-HttpClient/4.5.14 (Java/21.0.9)
5 > Accept-Encoding: gzip,deflate


11:15:24.195 [main] DEBUG com.intuit.karate - response time in milliseconds: 470
5 < 200
5 < Server: nginx/1.17.10 (Ubuntu)
5 < Date: Mon, 12 Jan 2026 14:15:24 GMT
5 < Content-Type: application/json; charset=utf-8
5 < Content-Length: 549
5 < Connection: keep-alive
5 < X-Powered-By: Express
5 < ETag: W/"225-6wegpsdSbs3Zjpo/5fzJQey1dRQ"
{"isbn":"9781449325862","title":"Git Pocket Guide","subTitle":"A Working Introduction","author":"Richard E. Silverman","publish_date":"2020-06-04T08:48:39.000Z","publisher":"O'Reilly Media","pages":234,"description":"This pocket guide is the perfect on-the-job companion to Git, the distributed version control system. It provides a compact, readable introduction to Git for new users, as well as a reference to common commands and procedures for those of you with Git exp","website":"http://chimera.labs.oreilly.com/books/1230000000561/index.html"}

11:15:24.195 [main] INFO  com.intuit.karate - [print] Validação do livro concluída: Git Pocket Guide - Richard E. Silverman 
]]></system-out>
  </testcase>
  <testcase name="[2:64] Falha ao adicionar livro com token inválido" classname="features/adicionarLivroAoUsuario" time="2.941">
    <system-out><![CDATA[11:15:24.211 [main] INFO  com.intuit.karate - Token gerado no config: eyJhbGciOiJIUzI1NiIsInR5cCI6IkpXVCJ9.eyJ1c2VyTmFtZSI6InVzdWFyaW9fOTE5YTY0N2MtNjQwMS00ODRjLTk5NjAtMDk0ZDA4MjFjNzBhIiwicGFzc3dvcmQiOiJTZW5oYUAxMjMiLCJpYXQiOjE3NjgyMjczMTl9.x0qv268GDz02ZplVCSbe-FWUrAHHw8POOqC4nxLd47Q UserId: uid_1768227324212 
11:15:24.215 [main] DEBUG c.intuit.karate.core.ScenarioEngine - over-writing existing variable 'baseUrl' with new value: 'https://bookstore.demoqa.com'
11:15:24.224 [main] DEBUG com.intuit.karate - request:
1 > POST https://bookstore.demoqa.com/Account/v1/User
1 > Content-Type: application/json; charset=UTF-8
1 > Content-Length: 95
1 > Host: bookstore.demoqa.com
1 > Connection: Keep-Alive
1 > User-Agent: Apache-HttpClient/4.5.14 (Java/21.0.9)
1 > Accept-Encoding: gzip,deflate
{"userName":"gabriel_user_4f5e3a5f-caac-4fca-a7ee-ddccd324dc2a","password":"Senha@qualquer123"}

11:15:25.345 [main] DEBUG com.intuit.karate - response time in milliseconds: 1121
1 < 201
1 < Server: nginx/1.17.10 (Ubuntu)
1 < Date: Mon, 12 Jan 2026 14:15:25 GMT
1 < Content-Type: application/json; charset=utf-8
1 < Content-Length: 123
1 < Connection: keep-alive
1 < X-Powered-By: Express
1 < ETag: W/"7b-eVCUAUrXK7MC5smYRqZy13TCzdA"
{"userID":"df7d9508-5ca7-47d4-8aa2-527703e6b7f6","username":"gabriel_user_4f5e3a5f-caac-4fca-a7ee-ddccd324dc2a","books":[]}

11:15:25.398 [main] DEBUG com.intuit.karate - request:
2 > GET https://bookstore.demoqa.com/BookStore/v1/Books
2 > Host: bookstore.demoqa.com
2 > Connection: Keep-Alive
2 > User-Agent: Apache-HttpClient/4.5.14 (Java/21.0.9)
2 > Accept-Encoding: gzip,deflate


11:15:25.881 [main] DEBUG com.intuit.karate - response time in milliseconds: 481
2 < 200
2 < Server: nginx/1.17.10 (Ubuntu)
2 < Date: Mon, 12 Jan 2026 14:15:26 GMT
2 < Content-Type: application/json; charset=utf-8
2 < Content-Length: 4514
2 < Connection: keep-alive
2 < X-Powered-By: Express
2 < ETag: W/"11a2-8zfX++QwcgaCjSU6F8JP9fUd1tY"
{"books":[{"isbn":"9781449325862","title":"Git Pocket Guide","subTitle":"A Working Introduction","author":"Richard E. Silverman","publish_date":"2020-06-04T08:48:39.000Z","publisher":"O'Reilly Media","pages":234,"description":"This pocket guide is the perfect on-the-job companion to Git, the distributed version control system. It provides a compact, readable introduction to Git for new users, as well as a reference to common commands and procedures for those of you with Git exp","website":"http://chimera.labs.oreilly.com/books/1230000000561/index.html"},{"isbn":"9781449331818","title":"Learning JavaScript Design Patterns","subTitle":"A JavaScript and jQuery Developer's Guide","author":"Addy Osmani","publish_date":"2020-06-04T09:11:40.000Z","publisher":"O'Reilly Media","pages":254,"description":"With Learning JavaScript Design Patterns, you'll learn how to write beautiful, structured, and maintainable JavaScript by applying classical and modern design patterns to the language. If you want to keep your code efficient, more manageable, and up-to-da","website":"http://www.addyosmani.com/resources/essentialjsdesignpatterns/book/"},{"isbn":"9781449337711","title":"Designing Evolvable Web APIs with ASP.NET","subTitle":"Harnessing the Power of the Web","author":"Glenn Block et al.","publish_date":"2020-06-04T09:12:43.000Z","publisher":"O'Reilly Media","pages":238,"description":"Design and build Web APIs for a broad range of clients—including browsers and mobile devices—that can adapt to change over time. This practical, hands-on guide takes you through the theory and tools you need to build evolvable HTTP services with Microsoft","website":"http://chimera.labs.oreilly.com/books/1234000001708/index.html"},{"isbn":"9781449365035","title":"Speaking JavaScript","subTitle":"An In-Depth Guide for Programmers","author":"Axel Rauschmayer","publish_date":"2014-02-01T00:00:00.000Z","publisher":"O'Reilly Media","pages":460,"description":"Like it or not, JavaScript is everywhere these days-from browser to server to mobile-and now you, too, need to learn the language or dive deeper than you have. This concise book guides you into and through JavaScript, written by a veteran programmer who o","website":"http://speakingjs.com/"},{"isbn":"9781491904244","title":"You Don't Know JS","subTitle":"ES6 & Beyond","author":"Kyle Simpson","publish_date":"2015-12-27T00:00:00.000Z","publisher":"O'Reilly Media","pages":278,"description":"No matter how much experience you have with JavaScript, odds are you don’t fully understand the language. As part of the \\\"You Don’t Know JS\\\" series, this compact guide focuses on new features available in ECMAScript 6 (ES6), the latest version of the st","website":"https://github.com/getify/You-Dont-Know-JS/tree/master/es6%20&%20beyond"},{"isbn":"9781491950296","title":"Programming JavaScript Applications","subTitle":"Robust Web Architecture with Node, HTML5, and Modern JS Libraries","author":"Eric Elliott","publish_date":"2014-07-01T00:00:00.000Z","publisher":"O'Reilly Media","pages":254,"description":"Take advantage of JavaScript's power to build robust web-scale or enterprise applications that are easy to extend and maintain. By applying the design patterns outlined in this practical book, experienced JavaScript developers will learn how to write flex","website":"http://chimera.labs.oreilly.com/books/1234000000262/index.html"},{"isbn":"9781593275846","title":"Eloquent JavaScript, Second Edition","subTitle":"A Modern Introduction to Programming","author":"Marijn Haverbeke","publish_date":"2014-12-14T00:00:00.000Z","publisher":"No Starch Press","pages":472,"description":"JavaScript lies at the heart of almost every modern web application, from social apps to the newest browser-based games. Though simple for beginners to pick up and play with, JavaScript is a flexible, complex language that you can use to build full-scale ","website":"http://eloquentjavascript.net/"},{"isbn":"9781593277574","title":"Understanding ECMAScript 6","subTitle":"The Definitive Guide for JavaScript Developers","author":"Nicholas C. Zakas","publish_date":"2016-09-03T00:00:00.000Z","publisher":"No Starch Press","pages":352,"description":"ECMAScript 6 represents the biggest update to the core of JavaScript in the history of the language. In Understanding ECMAScript 6, expert developer Nicholas C. Zakas provides a complete guide to the object types, syntax, and other exciting changes that E","website":"https://leanpub.com/understandinges6/read"}]}

11:15:25.885 [main] DEBUG com.intuit.karate - request:
3 > POST https://bookstore.demoqa.com/BookStore/v1/Books
3 > Authorization: Bearer INVALID_TOKEN
3 > Content-Type: application/json; charset=UTF-8
3 > Content-Length: 96
3 > Host: bookstore.demoqa.com
3 > Connection: Keep-Alive
3 > User-Agent: Apache-HttpClient/4.5.14 (Java/21.0.9)
3 > Accept-Encoding: gzip,deflate
{"userId":"df7d9508-5ca7-47d4-8aa2-527703e6b7f6","collectionOfIsbns":[{"isbn":"9781449325862"}]}

11:15:26.532 [main] DEBUG com.intuit.karate - response time in milliseconds: 647
3 < 401
3 < Server: nginx/1.17.10 (Ubuntu)
3 < Date: Mon, 12 Jan 2026 14:15:27 GMT
3 < Content-Type: application/json; charset=utf-8
3 < Content-Length: 48
3 < Connection: keep-alive
3 < X-Powered-By: Express
3 < ETag: W/"30-V67npMN18Zy3bnk1xW2xtLGgx8c"
{"code":"1200","message":"User not authorized!"}

11:15:26.538 [main] INFO  com.intuit.karate - [print] Mensagem de erro ao adicionar livro com token inválido: User not authorized! 
---------------------------------------------------------
feature: classpath:features/adicionarLivroAoUsuario.feature
scenarios:  2 | passed:  2 | failed:  0 | time: 6,3972
---------------------------------------------------------

]]></system-out>
  </testcase>
  <testcase name="[1.1:53] Adicionar livro ao usuário com ISBNs diferentes" classname="features/adicionarLivroAoUsuarioOutline" time="3.823">
    <system-out><![CDATA[11:15:27.152 [main] INFO  com.intuit.karate - Token gerado no config: eyJhbGciOiJIUzI1NiIsInR5cCI6IkpXVCJ9.eyJ1c2VyTmFtZSI6InVzdWFyaW9fOTE5YTY0N2MtNjQwMS00ODRjLTk5NjAtMDk0ZDA4MjFjNzBhIiwicGFzc3dvcmQiOiJTZW5oYUAxMjMiLCJpYXQiOjE3NjgyMjczMTl9.x0qv268GDz02ZplVCSbe-FWUrAHHw8POOqC4nxLd47Q UserId: uid_1768227327146 
11:15:27.152 [main] DEBUG c.intuit.karate.core.ScenarioEngine - over-writing existing variable 'baseUrl' with new value: 'https://bookstore.demoqa.com'
11:15:27.158 [main] DEBUG com.intuit.karate - request:
1 > POST https://bookstore.demoqa.com/Account/v1/User
1 > Content-Type: application/json; charset=UTF-8
1 > Content-Length: 95
1 > Host: bookstore.demoqa.com
1 > Connection: Keep-Alive
1 > User-Agent: Apache-HttpClient/4.5.14 (Java/21.0.9)
1 > Accept-Encoding: gzip,deflate
{"userName":"gabriel_user_7129a2dd-3154-4991-8dda-747661ff3f51","password":"Senha@qualquer123"}

11:15:28.170 [main] DEBUG com.intuit.karate - response time in milliseconds: 1012
1 < 201
1 < Server: nginx/1.17.10 (Ubuntu)
1 < Date: Mon, 12 Jan 2026 14:15:28 GMT
1 < Content-Type: application/json; charset=utf-8
1 < Content-Length: 123
1 < Connection: keep-alive
1 < X-Powered-By: Express
1 < ETag: W/"7b-7dJ+aIXLy+iEi7nz7yXvd0VaaVo"
{"userID":"0dbc895e-c1b2-4fac-815d-c5a3808979db","username":"gabriel_user_7129a2dd-3154-4991-8dda-747661ff3f51","books":[]}

11:15:28.170 [main] DEBUG com.intuit.karate - request:
2 > POST https://bookstore.demoqa.com/Account/v1/GenerateToken
2 > Content-Type: application/json; charset=UTF-8
2 > Content-Length: 95
2 > Host: bookstore.demoqa.com
2 > Connection: Keep-Alive
2 > User-Agent: Apache-HttpClient/4.5.14 (Java/21.0.9)
2 > Accept-Encoding: gzip,deflate
{"userName":"gabriel_user_7129a2dd-3154-4991-8dda-747661ff3f51","password":"Senha@qualquer123"}

11:15:29.201 [main] DEBUG com.intuit.karate - response time in milliseconds: 1031
2 < 200
2 < Server: nginx/1.17.10 (Ubuntu)
2 < Date: Mon, 12 Jan 2026 14:15:29 GMT
2 < Content-Type: application/json; charset=utf-8
2 < Content-Length: 340
2 < Connection: keep-alive
2 < X-Powered-By: Express
2 < ETag: W/"154-PeqOP3ruyIdopcpNjENBn3ATZys"
{"token":"eyJhbGciOiJIUzI1NiIsInR5cCI6IkpXVCJ9.eyJ1c2VyTmFtZSI6ImdhYnJpZWxfdXNlcl83MTI5YTJkZC0zMTU0LTQ5OTEtOGRkYS03NDc2NjFmZjNmNTEiLCJwYXNzd29yZCI6IlNlbmhhQHF1YWxxdWVyMTIzIiwiaWF0IjoxNzY4MjI3MzI5fQ.oeNZTT1QbrLkxW5QlJ-gUNC1b1Tu2BTk5U5vzCHfFYg","expires":"2026-01-19T14:15:29.238Z","status":"Success","result":"User authorized successfully."}

11:15:29.216 [main] DEBUG com.intuit.karate - request:
3 > POST https://bookstore.demoqa.com/BookStore/v1/Books
3 > Authorization: Bearer eyJhbGciOiJIUzI1NiIsInR5cCI6IkpXVCJ9.eyJ1c2VyTmFtZSI6ImdhYnJpZWxfdXNlcl83MTI5YTJkZC0zMTU0LTQ5OTEtOGRkYS03NDc2NjFmZjNmNTEiLCJwYXNzd29yZCI6IlNlbmhhQHF1YWxxdWVyMTIzIiwiaWF0IjoxNzY4MjI3MzI5fQ.oeNZTT1QbrLkxW5QlJ-gUNC1b1Tu2BTk5U5vzCHfFYg
3 > Content-Type: application/json; charset=UTF-8
3 > Content-Length: 96
3 > Host: bookstore.demoqa.com
3 > Connection: Keep-Alive
3 > User-Agent: Apache-HttpClient/4.5.14 (Java/21.0.9)
3 > Accept-Encoding: gzip,deflate
{"userId":"0dbc895e-c1b2-4fac-815d-c5a3808979db","collectionOfIsbns":[{"isbn":"9781449325862"}]}

11:15:30.452 [main] DEBUG com.intuit.karate - response time in milliseconds: 1236
3 < 201
3 < Server: nginx/1.17.10 (Ubuntu)
3 < Date: Mon, 12 Jan 2026 14:15:31 GMT
3 < Content-Type: application/json; charset=utf-8
3 < Content-Length: 36
3 < Connection: keep-alive
3 < X-Powered-By: Express
3 < ETag: W/"24-2U7DK3nFgERO/LjA8mW3SiqYyFc"
{"books":[{"isbn":"9781449325862"}]}

11:15:30.460 [main] INFO  com.intuit.karate - [print] Livro adicionado com ISBN: 9781449325862 
11:15:30.463 [main] DEBUG com.intuit.karate - request:
4 > GET https://bookstore.demoqa.com/BookStore/v1/Book?ISBN=9781449325862
4 > Host: bookstore.demoqa.com
4 > Connection: Keep-Alive
4 > User-Agent: Apache-HttpClient/4.5.14 (Java/21.0.9)
4 > Accept-Encoding: gzip,deflate


11:15:30.956 [main] DEBUG com.intuit.karate - response time in milliseconds: 492
4 < 200
4 < Server: nginx/1.17.10 (Ubuntu)
4 < Date: Mon, 12 Jan 2026 14:15:31 GMT
4 < Content-Type: application/json; charset=utf-8
4 < Content-Length: 549
4 < Connection: keep-alive
4 < X-Powered-By: Express
4 < ETag: W/"225-6wegpsdSbs3Zjpo/5fzJQey1dRQ"
{"isbn":"9781449325862","title":"Git Pocket Guide","subTitle":"A Working Introduction","author":"Richard E. Silverman","publish_date":"2020-06-04T08:48:39.000Z","publisher":"O'Reilly Media","pages":234,"description":"This pocket guide is the perfect on-the-job companion to Git, the distributed version control system. It provides a compact, readable introduction to Git for new users, as well as a reference to common commands and procedures for those of you with Git exp","website":"http://chimera.labs.oreilly.com/books/1230000000561/index.html"}

11:15:30.958 [main] INFO  com.intuit.karate - [print] Validação concluída: Git Pocket Guide 
]]></system-out>
  </testcase>
  <testcase name="[1.2:54] Adicionar livro ao usuário com ISBNs diferentes" classname="features/adicionarLivroAoUsuarioOutline" time="3.975">
    <system-out><![CDATA[11:15:30.965 [main] INFO  com.intuit.karate - Token gerado no config: eyJhbGciOiJIUzI1NiIsInR5cCI6IkpXVCJ9.eyJ1c2VyTmFtZSI6InVzdWFyaW9fOTE5YTY0N2MtNjQwMS00ODRjLTk5NjAtMDk0ZDA4MjFjNzBhIiwicGFzc3dvcmQiOiJTZW5oYUAxMjMiLCJpYXQiOjE3NjgyMjczMTl9.x0qv268GDz02ZplVCSbe-FWUrAHHw8POOqC4nxLd47Q UserId: uid_1768227330964 
11:15:30.966 [main] DEBUG c.intuit.karate.core.ScenarioEngine - over-writing existing variable 'baseUrl' with new value: 'https://bookstore.demoqa.com'
11:15:30.970 [main] DEBUG com.intuit.karate - request:
1 > POST https://bookstore.demoqa.com/Account/v1/User
1 > Content-Type: application/json; charset=UTF-8
1 > Content-Length: 95
1 > Host: bookstore.demoqa.com
1 > Connection: Keep-Alive
1 > User-Agent: Apache-HttpClient/4.5.14 (Java/21.0.9)
1 > Accept-Encoding: gzip,deflate
{"userName":"gabriel_user_550ddf92-9a92-4fbd-a93a-e1480891b45f","password":"Senha@qualquer123"}

11:15:32.089 [main] DEBUG com.intuit.karate - response time in milliseconds: 1119
1 < 201
1 < Server: nginx/1.17.10 (Ubuntu)
1 < Date: Mon, 12 Jan 2026 14:15:32 GMT
1 < Content-Type: application/json; charset=utf-8
1 < Content-Length: 123
1 < Connection: keep-alive
1 < X-Powered-By: Express
1 < ETag: W/"7b-Lh0YH6dl+akDG6uCW8f26/HZ6Uo"
{"userID":"ee1dbacc-27e4-4433-af41-9a35ff4d333b","username":"gabriel_user_550ddf92-9a92-4fbd-a93a-e1480891b45f","books":[]}

11:15:32.091 [main] DEBUG com.intuit.karate - request:
2 > POST https://bookstore.demoqa.com/Account/v1/GenerateToken
2 > Content-Type: application/json; charset=UTF-8
2 > Content-Length: 95
2 > Host: bookstore.demoqa.com
2 > Connection: Keep-Alive
2 > User-Agent: Apache-HttpClient/4.5.14 (Java/21.0.9)
2 > Accept-Encoding: gzip,deflate
{"userName":"gabriel_user_550ddf92-9a92-4fbd-a93a-e1480891b45f","password":"Senha@qualquer123"}

11:15:33.201 [main] DEBUG com.intuit.karate - response time in milliseconds: 1110
2 < 200
2 < Server: nginx/1.17.10 (Ubuntu)
2 < Date: Mon, 12 Jan 2026 14:15:33 GMT
2 < Content-Type: application/json; charset=utf-8
2 < Content-Length: 340
2 < Connection: keep-alive
2 < X-Powered-By: Express
2 < ETag: W/"154-WJacuuG1RKjJRB8QM35oUIYygzg"
{"token":"eyJhbGciOiJIUzI1NiIsInR5cCI6IkpXVCJ9.eyJ1c2VyTmFtZSI6ImdhYnJpZWxfdXNlcl81NTBkZGY5Mi05YTkyLTRmYmQtYTkzYS1lMTQ4MDg5MWI0NWYiLCJwYXNzd29yZCI6IlNlbmhhQHF1YWxxdWVyMTIzIiwiaWF0IjoxNzY4MjI3MzMzfQ.8HLnidwhqSb6BRXsjYEd0_9PXkhk4UqIuE5N9oO6dek","expires":"2026-01-19T14:15:33.146Z","status":"Success","result":"User authorized successfully."}

11:15:33.203 [main] DEBUG com.intuit.karate - request:
3 > POST https://bookstore.demoqa.com/BookStore/v1/Books
3 > Authorization: Bearer eyJhbGciOiJIUzI1NiIsInR5cCI6IkpXVCJ9.eyJ1c2VyTmFtZSI6ImdhYnJpZWxfdXNlcl81NTBkZGY5Mi05YTkyLTRmYmQtYTkzYS1lMTQ4MDg5MWI0NWYiLCJwYXNzd29yZCI6IlNlbmhhQHF1YWxxdWVyMTIzIiwiaWF0IjoxNzY4MjI3MzMzfQ.8HLnidwhqSb6BRXsjYEd0_9PXkhk4UqIuE5N9oO6dek
3 > Content-Type: application/json; charset=UTF-8
3 > Content-Length: 96
3 > Host: bookstore.demoqa.com
3 > Connection: Keep-Alive
3 > User-Agent: Apache-HttpClient/4.5.14 (Java/21.0.9)
3 > Accept-Encoding: gzip,deflate
{"userId":"ee1dbacc-27e4-4433-af41-9a35ff4d333b","collectionOfIsbns":[{"isbn":"9781449331818"}]}

11:15:34.440 [main] DEBUG com.intuit.karate - response time in milliseconds: 1237
3 < 201
3 < Server: nginx/1.17.10 (Ubuntu)
3 < Date: Mon, 12 Jan 2026 14:15:35 GMT
3 < Content-Type: application/json; charset=utf-8
3 < Content-Length: 36
3 < Connection: keep-alive
3 < X-Powered-By: Express
3 < ETag: W/"24-FbIaM8H88wOkWWLNix2cmOmkWT8"
{"books":[{"isbn":"9781449331818"}]}

11:15:34.450 [main] INFO  com.intuit.karate - [print] Livro adicionado com ISBN: 9781449331818 
11:15:34.452 [main] DEBUG com.intuit.karate - request:
4 > GET https://bookstore.demoqa.com/BookStore/v1/Book?ISBN=9781449331818
4 > Host: bookstore.demoqa.com
4 > Connection: Keep-Alive
4 > User-Agent: Apache-HttpClient/4.5.14 (Java/21.0.9)
4 > Accept-Encoding: gzip,deflate


11:15:34.935 [main] DEBUG com.intuit.karate - response time in milliseconds: 483
4 < 200
4 < Server: nginx/1.17.10 (Ubuntu)
4 < Date: Mon, 12 Jan 2026 14:15:35 GMT
4 < Content-Type: application/json; charset=utf-8
4 < Content-Length: 583
4 < Connection: keep-alive
4 < X-Powered-By: Express
4 < ETag: W/"247-iskzmX4KfilgJ5JQZJp1iZj4b6c"
{"isbn":"9781449331818","title":"Learning JavaScript Design Patterns","subTitle":"A JavaScript and jQuery Developer's Guide","author":"Addy Osmani","publish_date":"2020-06-04T09:11:40.000Z","publisher":"O'Reilly Media","pages":254,"description":"With Learning JavaScript Design Patterns, you'll learn how to write beautiful, structured, and maintainable JavaScript by applying classical and modern design patterns to the language. If you want to keep your code efficient, more manageable, and up-to-da","website":"http://www.addyosmani.com/resources/essentialjsdesignpatterns/book/"}

11:15:34.935 [main] INFO  com.intuit.karate - [print] Validação concluída: Learning JavaScript Design Patterns 
]]></system-out>
  </testcase>
  <testcase name="[1.3:55] Adicionar livro ao usuário com ISBNs diferentes" classname="features/adicionarLivroAoUsuarioOutline" time="4.195">
    <system-out><![CDATA[11:15:34.945 [main] INFO  com.intuit.karate - Token gerado no config: eyJhbGciOiJIUzI1NiIsInR5cCI6IkpXVCJ9.eyJ1c2VyTmFtZSI6InVzdWFyaW9fOTE5YTY0N2MtNjQwMS00ODRjLTk5NjAtMDk0ZDA4MjFjNzBhIiwicGFzc3dvcmQiOiJTZW5oYUAxMjMiLCJpYXQiOjE3NjgyMjczMTl9.x0qv268GDz02ZplVCSbe-FWUrAHHw8POOqC4nxLd47Q UserId: uid_1768227334945 
11:15:34.947 [main] DEBUG c.intuit.karate.core.ScenarioEngine - over-writing existing variable 'baseUrl' with new value: 'https://bookstore.demoqa.com'
11:15:34.951 [main] DEBUG com.intuit.karate - request:
1 > POST https://bookstore.demoqa.com/Account/v1/User
1 > Content-Type: application/json; charset=UTF-8
1 > Content-Length: 95
1 > Host: bookstore.demoqa.com
1 > Connection: Keep-Alive
1 > User-Agent: Apache-HttpClient/4.5.14 (Java/21.0.9)
1 > Accept-Encoding: gzip,deflate
{"userName":"gabriel_user_0167e890-9713-44e9-9921-f551b9a6c446","password":"Senha@qualquer123"}

11:15:36.101 [main] DEBUG com.intuit.karate - response time in milliseconds: 1150
1 < 201
1 < Server: nginx/1.17.10 (Ubuntu)
1 < Date: Mon, 12 Jan 2026 14:15:36 GMT
1 < Content-Type: application/json; charset=utf-8
1 < Content-Length: 123
1 < Connection: keep-alive
1 < X-Powered-By: Express
1 < ETag: W/"7b-PqL+OxXKBPo0GC3L5IBy4tAqVyQ"
{"userID":"56d2d653-87c5-42fe-961f-d596940f9b39","username":"gabriel_user_0167e890-9713-44e9-9921-f551b9a6c446","books":[]}

11:15:36.101 [main] DEBUG com.intuit.karate - request:
2 > POST https://bookstore.demoqa.com/Account/v1/GenerateToken
2 > Content-Type: application/json; charset=UTF-8
2 > Content-Length: 95
2 > Host: bookstore.demoqa.com
2 > Connection: Keep-Alive
2 > User-Agent: Apache-HttpClient/4.5.14 (Java/21.0.9)
2 > Accept-Encoding: gzip,deflate
{"userName":"gabriel_user_0167e890-9713-44e9-9921-f551b9a6c446","password":"Senha@qualquer123"}

11:15:37.419 [main] DEBUG com.intuit.karate - response time in milliseconds: 1318
2 < 200
2 < Server: nginx/1.17.10 (Ubuntu)
2 < Date: Mon, 12 Jan 2026 14:15:38 GMT
2 < Content-Type: application/json; charset=utf-8
2 < Content-Length: 340
2 < Connection: keep-alive
2 < X-Powered-By: Express
2 < ETag: W/"154-Df9+JNSOGZVnUi7/N0ES8Im9P24"
{"token":"eyJhbGciOiJIUzI1NiIsInR5cCI6IkpXVCJ9.eyJ1c2VyTmFtZSI6ImdhYnJpZWxfdXNlcl8wMTY3ZTg5MC05NzEzLTQ0ZTktOTkyMS1mNTUxYjlhNmM0NDYiLCJwYXNzd29yZCI6IlNlbmhhQHF1YWxxdWVyMTIzIiwiaWF0IjoxNzY4MjI3MzM3fQ.l3Y6OGpe2Jo2K6M5liRUxO0nAVa23cgcd44rYBq2RHg","expires":"2026-01-19T14:15:37.185Z","status":"Success","result":"User authorized successfully."}

11:15:37.419 [main] DEBUG com.intuit.karate - request:
3 > POST https://bookstore.demoqa.com/BookStore/v1/Books
3 > Authorization: Bearer eyJhbGciOiJIUzI1NiIsInR5cCI6IkpXVCJ9.eyJ1c2VyTmFtZSI6ImdhYnJpZWxfdXNlcl8wMTY3ZTg5MC05NzEzLTQ0ZTktOTkyMS1mNTUxYjlhNmM0NDYiLCJwYXNzd29yZCI6IlNlbmhhQHF1YWxxdWVyMTIzIiwiaWF0IjoxNzY4MjI3MzM3fQ.l3Y6OGpe2Jo2K6M5liRUxO0nAVa23cgcd44rYBq2RHg
3 > Content-Type: application/json; charset=UTF-8
3 > Content-Length: 96
3 > Host: bookstore.demoqa.com
3 > Connection: Keep-Alive
3 > User-Agent: Apache-HttpClient/4.5.14 (Java/21.0.9)
3 > Accept-Encoding: gzip,deflate
{"userId":"56d2d653-87c5-42fe-961f-d596940f9b39","collectionOfIsbns":[{"isbn":"9781449337711"}]}

11:15:38.640 [main] DEBUG com.intuit.karate - response time in milliseconds: 1221
3 < 201
3 < Server: nginx/1.17.10 (Ubuntu)
3 < Date: Mon, 12 Jan 2026 14:15:39 GMT
3 < Content-Type: application/json; charset=utf-8
3 < Content-Length: 36
3 < Connection: keep-alive
3 < X-Powered-By: Express
3 < ETag: W/"24-T/9HWPMdil/8ZdFqrM67UGhJ+00"
{"books":[{"isbn":"9781449337711"}]}

11:15:38.640 [main] INFO  com.intuit.karate - [print] Livro adicionado com ISBN: 9781449337711 
11:15:38.640 [main] DEBUG com.intuit.karate - request:
4 > GET https://bookstore.demoqa.com/BookStore/v1/Book?ISBN=9781449337711
4 > Host: bookstore.demoqa.com
4 > Connection: Keep-Alive
4 > User-Agent: Apache-HttpClient/4.5.14 (Java/21.0.9)
4 > Accept-Encoding: gzip,deflate


11:15:39.130 [main] DEBUG com.intuit.karate - response time in milliseconds: 490
4 < 200
4 < Server: nginx/1.17.10 (Ubuntu)
4 < Date: Mon, 12 Jan 2026 14:15:39 GMT
4 < Content-Type: application/json; charset=utf-8
4 < Content-Length: 585
4 < Connection: keep-alive
4 < X-Powered-By: Express
4 < ETag: W/"249-xIaSe03VfxpPcwuWFgmX4m8lTXw"
{"isbn":"9781449337711","title":"Designing Evolvable Web APIs with ASP.NET","subTitle":"Harnessing the Power of the Web","author":"Glenn Block et al.","publish_date":"2020-06-04T09:12:43.000Z","publisher":"O'Reilly Media","pages":238,"description":"Design and build Web APIs for a broad range of clients—including browsers and mobile devices—that can adapt to change over time. This practical, hands-on guide takes you through the theory and tools you need to build evolvable HTTP services with Microsoft","website":"http://chimera.labs.oreilly.com/books/1234000001708/index.html"}

11:15:39.130 [main] INFO  com.intuit.karate - [print] Validação concluída: Designing Evolvable Web APIs with ASP.NET 
]]></system-out>
  </testcase>
  <testcase name="[1.4:56] Adicionar livro ao usuário com ISBNs diferentes" classname="features/adicionarLivroAoUsuarioOutline" time="4.214">
    <system-out><![CDATA[11:15:39.142 [main] INFO  com.intuit.karate - Token gerado no config: eyJhbGciOiJIUzI1NiIsInR5cCI6IkpXVCJ9.eyJ1c2VyTmFtZSI6InVzdWFyaW9fOTE5YTY0N2MtNjQwMS00ODRjLTk5NjAtMDk0ZDA4MjFjNzBhIiwicGFzc3dvcmQiOiJTZW5oYUAxMjMiLCJpYXQiOjE3NjgyMjczMTl9.x0qv268GDz02ZplVCSbe-FWUrAHHw8POOqC4nxLd47Q UserId: uid_1768227339140 
11:15:39.142 [main] DEBUG c.intuit.karate.core.ScenarioEngine - over-writing existing variable 'baseUrl' with new value: 'https://bookstore.demoqa.com'
11:15:39.146 [main] DEBUG com.intuit.karate - request:
1 > POST https://bookstore.demoqa.com/Account/v1/User
1 > Content-Type: application/json; charset=UTF-8
1 > Content-Length: 95
1 > Host: bookstore.demoqa.com
1 > Connection: Keep-Alive
1 > User-Agent: Apache-HttpClient/4.5.14 (Java/21.0.9)
1 > Accept-Encoding: gzip,deflate
{"userName":"gabriel_user_22754d65-b8a4-411d-a519-99fd33b28fb2","password":"Senha@qualquer123"}

11:15:40.226 [main] DEBUG com.intuit.karate - response time in milliseconds: 1080
1 < 201
1 < Server: nginx/1.17.10 (Ubuntu)
1 < Date: Mon, 12 Jan 2026 14:15:40 GMT
1 < Content-Type: application/json; charset=utf-8
1 < Content-Length: 123
1 < Connection: keep-alive
1 < X-Powered-By: Express
1 < ETag: W/"7b-E1E7c3WsItgxIyMu0YVVsidwtzY"
{"userID":"63200a98-d3d8-4e3d-b179-ecb23ab0d3d1","username":"gabriel_user_22754d65-b8a4-411d-a519-99fd33b28fb2","books":[]}

11:15:40.232 [main] DEBUG com.intuit.karate - request:
2 > POST https://bookstore.demoqa.com/Account/v1/GenerateToken
2 > Content-Type: application/json; charset=UTF-8
2 > Content-Length: 95
2 > Host: bookstore.demoqa.com
2 > Connection: Keep-Alive
2 > User-Agent: Apache-HttpClient/4.5.14 (Java/21.0.9)
2 > Accept-Encoding: gzip,deflate
{"userName":"gabriel_user_22754d65-b8a4-411d-a519-99fd33b28fb2","password":"Senha@qualquer123"}

11:15:41.606 [main] DEBUG com.intuit.karate - response time in milliseconds: 1374
2 < 200
2 < Server: nginx/1.17.10 (Ubuntu)
2 < Date: Mon, 12 Jan 2026 14:15:42 GMT
2 < Content-Type: application/json; charset=utf-8
2 < Content-Length: 340
2 < Connection: keep-alive
2 < X-Powered-By: Express
2 < ETag: W/"154-NZAAntVj/EWnZkwSUZhbqFaJByg"
{"token":"eyJhbGciOiJIUzI1NiIsInR5cCI6IkpXVCJ9.eyJ1c2VyTmFtZSI6ImdhYnJpZWxfdXNlcl8yMjc1NGQ2NS1iOGE0LTQxMWQtYTUxOS05OWZkMzNiMjhmYjIiLCJwYXNzd29yZCI6IlNlbmhhQHF1YWxxdWVyMTIzIiwiaWF0IjoxNzY4MjI3MzQxfQ.EK-tMdDymMuFa1FsWNgfSy3UeX6TjfeJaMfUqKx2gmg","expires":"2026-01-19T14:15:41.472Z","status":"Success","result":"User authorized successfully."}

11:15:41.616 [main] DEBUG com.intuit.karate - request:
3 > POST https://bookstore.demoqa.com/BookStore/v1/Books
3 > Authorization: Bearer eyJhbGciOiJIUzI1NiIsInR5cCI6IkpXVCJ9.eyJ1c2VyTmFtZSI6ImdhYnJpZWxfdXNlcl8yMjc1NGQ2NS1iOGE0LTQxMWQtYTUxOS05OWZkMzNiMjhmYjIiLCJwYXNzd29yZCI6IlNlbmhhQHF1YWxxdWVyMTIzIiwiaWF0IjoxNzY4MjI3MzQxfQ.EK-tMdDymMuFa1FsWNgfSy3UeX6TjfeJaMfUqKx2gmg
3 > Content-Type: application/json; charset=UTF-8
3 > Content-Length: 96
3 > Host: bookstore.demoqa.com
3 > Connection: Keep-Alive
3 > User-Agent: Apache-HttpClient/4.5.14 (Java/21.0.9)
3 > Accept-Encoding: gzip,deflate
{"userId":"63200a98-d3d8-4e3d-b179-ecb23ab0d3d1","collectionOfIsbns":[{"isbn":"9781449365035"}]}

11:15:42.862 [main] DEBUG com.intuit.karate - response time in milliseconds: 1246
3 < 201
3 < Server: nginx/1.17.10 (Ubuntu)
3 < Date: Mon, 12 Jan 2026 14:15:43 GMT
3 < Content-Type: application/json; charset=utf-8
3 < Content-Length: 36
3 < Connection: keep-alive
3 < X-Powered-By: Express
3 < ETag: W/"24-iscf5cm+Szh2zws8yxvWHSHn5B8"
{"books":[{"isbn":"9781449365035"}]}

11:15:42.862 [main] INFO  com.intuit.karate - [print] Livro adicionado com ISBN: 9781449365035 
11:15:42.862 [main] DEBUG com.intuit.karate - request:
4 > GET https://bookstore.demoqa.com/BookStore/v1/Book?ISBN=9781449365035
4 > Host: bookstore.demoqa.com
4 > Connection: Keep-Alive
4 > User-Agent: Apache-HttpClient/4.5.14 (Java/21.0.9)
4 > Accept-Encoding: gzip,deflate


11:15:43.332 [main] DEBUG com.intuit.karate - response time in milliseconds: 470
4 < 200
4 < Server: nginx/1.17.10 (Ubuntu)
4 < Date: Mon, 12 Jan 2026 14:15:43 GMT
4 < Content-Type: application/json; charset=utf-8
4 < Content-Length: 519
4 < Connection: keep-alive
4 < X-Powered-By: Express
4 < ETag: W/"207-xSr426CPhs8VIRAEeVoX1whetpM"
{"isbn":"9781449365035","title":"Speaking JavaScript","subTitle":"An In-Depth Guide for Programmers","author":"Axel Rauschmayer","publish_date":"2014-02-01T00:00:00.000Z","publisher":"O'Reilly Media","pages":460,"description":"Like it or not, JavaScript is everywhere these days-from browser to server to mobile-and now you, too, need to learn the language or dive deeper than you have. This concise book guides you into and through JavaScript, written by a veteran programmer who o","website":"http://speakingjs.com/"}

11:15:43.332 [main] INFO  com.intuit.karate - [print] Validação concluída: Speaking JavaScript 
]]></system-out>
  </testcase>
  <testcase name="[1.5:57] Adicionar livro ao usuário com ISBNs diferentes" classname="features/adicionarLivroAoUsuarioOutline" time="3.908">
    <system-out><![CDATA[11:15:43.347 [main] INFO  com.intuit.karate - Token gerado no config: eyJhbGciOiJIUzI1NiIsInR5cCI6IkpXVCJ9.eyJ1c2VyTmFtZSI6InVzdWFyaW9fOTE5YTY0N2MtNjQwMS00ODRjLTk5NjAtMDk0ZDA4MjFjNzBhIiwicGFzc3dvcmQiOiJTZW5oYUAxMjMiLCJpYXQiOjE3NjgyMjczMTl9.x0qv268GDz02ZplVCSbe-FWUrAHHw8POOqC4nxLd47Q UserId: uid_1768227343347 
11:15:43.347 [main] DEBUG c.intuit.karate.core.ScenarioEngine - over-writing existing variable 'baseUrl' with new value: 'https://bookstore.demoqa.com'
11:15:43.353 [main] DEBUG com.intuit.karate - request:
1 > POST https://bookstore.demoqa.com/Account/v1/User
1 > Content-Type: application/json; charset=UTF-8
1 > Content-Length: 95
1 > Host: bookstore.demoqa.com
1 > Connection: Keep-Alive
1 > User-Agent: Apache-HttpClient/4.5.14 (Java/21.0.9)
1 > Accept-Encoding: gzip,deflate
{"userName":"gabriel_user_8c8f8e89-6069-48e8-8738-bc27e5cab89a","password":"Senha@qualquer123"}

11:15:44.449 [main] DEBUG com.intuit.karate - response time in milliseconds: 1096
1 < 201
1 < Server: nginx/1.17.10 (Ubuntu)
1 < Date: Mon, 12 Jan 2026 14:15:45 GMT
1 < Content-Type: application/json; charset=utf-8
1 < Content-Length: 123
1 < Connection: keep-alive
1 < X-Powered-By: Express
1 < ETag: W/"7b-KsnQsNze5zdhcLm6slDqPDJkBXE"
{"userID":"82936d54-d223-4ca2-9849-f4bfe7a68daa","username":"gabriel_user_8c8f8e89-6069-48e8-8738-bc27e5cab89a","books":[]}

11:15:44.449 [main] DEBUG com.intuit.karate - request:
2 > POST https://bookstore.demoqa.com/Account/v1/GenerateToken
2 > Content-Type: application/json; charset=UTF-8
2 > Content-Length: 95
2 > Host: bookstore.demoqa.com
2 > Connection: Keep-Alive
2 > User-Agent: Apache-HttpClient/4.5.14 (Java/21.0.9)
2 > Accept-Encoding: gzip,deflate
{"userName":"gabriel_user_8c8f8e89-6069-48e8-8738-bc27e5cab89a","password":"Senha@qualquer123"}

11:15:45.553 [main] DEBUG com.intuit.karate - response time in milliseconds: 1104
2 < 200
2 < Server: nginx/1.17.10 (Ubuntu)
2 < Date: Mon, 12 Jan 2026 14:15:46 GMT
2 < Content-Type: application/json; charset=utf-8
2 < Content-Length: 340
2 < Connection: keep-alive
2 < X-Powered-By: Express
2 < ETag: W/"154-lu6IBPOUZqbPbWEz3vhWMtk/0wc"
{"token":"eyJhbGciOiJIUzI1NiIsInR5cCI6IkpXVCJ9.eyJ1c2VyTmFtZSI6ImdhYnJpZWxfdXNlcl84YzhmOGU4OS02MDY5LTQ4ZTgtODczOC1iYzI3ZTVjYWI4OWEiLCJwYXNzd29yZCI6IlNlbmhhQHF1YWxxdWVyMTIzIiwiaWF0IjoxNzY4MjI3MzQ1fQ.wcQpvuNnT4b_cZRcUweq0T0NP0s73zjLZSTb-J60Vj0","expires":"2026-01-19T14:15:45.530Z","status":"Success","result":"User authorized successfully."}

11:15:45.553 [main] DEBUG com.intuit.karate - request:
3 > POST https://bookstore.demoqa.com/BookStore/v1/Books
3 > Authorization: Bearer eyJhbGciOiJIUzI1NiIsInR5cCI6IkpXVCJ9.eyJ1c2VyTmFtZSI6ImdhYnJpZWxfdXNlcl84YzhmOGU4OS02MDY5LTQ4ZTgtODczOC1iYzI3ZTVjYWI4OWEiLCJwYXNzd29yZCI6IlNlbmhhQHF1YWxxdWVyMTIzIiwiaWF0IjoxNzY4MjI3MzQ1fQ.wcQpvuNnT4b_cZRcUweq0T0NP0s73zjLZSTb-J60Vj0
3 > Content-Type: application/json; charset=UTF-8
3 > Content-Length: 96
3 > Host: bookstore.demoqa.com
3 > Connection: Keep-Alive
3 > User-Agent: Apache-HttpClient/4.5.14 (Java/21.0.9)
3 > Accept-Encoding: gzip,deflate
{"userId":"82936d54-d223-4ca2-9849-f4bfe7a68daa","collectionOfIsbns":[{"isbn":"9781491950296"}]}

11:15:46.767 [main] DEBUG com.intuit.karate - response time in milliseconds: 1214
3 < 201
3 < Server: nginx/1.17.10 (Ubuntu)
3 < Date: Mon, 12 Jan 2026 14:15:47 GMT
3 < Content-Type: application/json; charset=utf-8
3 < Content-Length: 36
3 < Connection: keep-alive
3 < X-Powered-By: Express
3 < ETag: W/"24-QdbQFOPaQVN5QqIdyeYWEdWe/Hk"
{"books":[{"isbn":"9781491950296"}]}

11:15:46.767 [main] INFO  com.intuit.karate - [print] Livro adicionado com ISBN: 9781491950296 
11:15:46.767 [main] DEBUG com.intuit.karate - request:
4 > GET https://bookstore.demoqa.com/BookStore/v1/Book?ISBN=9781491950296
4 > Host: bookstore.demoqa.com
4 > Connection: Keep-Alive
4 > User-Agent: Apache-HttpClient/4.5.14 (Java/21.0.9)
4 > Accept-Encoding: gzip,deflate


11:15:47.252 [main] DEBUG com.intuit.karate - response time in milliseconds: 485
4 < 200
4 < Server: nginx/1.17.10 (Ubuntu)
4 < Date: Mon, 12 Jan 2026 14:15:47 GMT
4 < Content-Type: application/json; charset=utf-8
4 < Content-Length: 603
4 < Connection: keep-alive
4 < X-Powered-By: Express
4 < ETag: W/"25b-oXVukev+KD9k/FcFzT2Q2a5BulY"
{"isbn":"9781491950296","title":"Programming JavaScript Applications","subTitle":"Robust Web Architecture with Node, HTML5, and Modern JS Libraries","author":"Eric Elliott","publish_date":"2014-07-01T00:00:00.000Z","publisher":"O'Reilly Media","pages":254,"description":"Take advantage of JavaScript's power to build robust web-scale or enterprise applications that are easy to extend and maintain. By applying the design patterns outlined in this practical book, experienced JavaScript developers will learn how to write flex","website":"http://chimera.labs.oreilly.com/books/1234000000262/index.html"}

11:15:47.252 [main] INFO  com.intuit.karate - [print] Validação concluída: Programming JavaScript Applications 
]]></system-out>
  </testcase>
  <testcase name="[1.6:58] Adicionar livro ao usuário com ISBNs diferentes" classname="features/adicionarLivroAoUsuarioOutline" time="4.495">
    <system-out><![CDATA[11:15:47.261 [main] INFO  com.intuit.karate - Token gerado no config: eyJhbGciOiJIUzI1NiIsInR5cCI6IkpXVCJ9.eyJ1c2VyTmFtZSI6InVzdWFyaW9fOTE5YTY0N2MtNjQwMS00ODRjLTk5NjAtMDk0ZDA4MjFjNzBhIiwicGFzc3dvcmQiOiJTZW5oYUAxMjMiLCJpYXQiOjE3NjgyMjczMTl9.x0qv268GDz02ZplVCSbe-FWUrAHHw8POOqC4nxLd47Q UserId: uid_1768227347261 
11:15:47.261 [main] DEBUG c.intuit.karate.core.ScenarioEngine - over-writing existing variable 'baseUrl' with new value: 'https://bookstore.demoqa.com'
11:15:47.261 [main] DEBUG com.intuit.karate - request:
1 > POST https://bookstore.demoqa.com/Account/v1/User
1 > Content-Type: application/json; charset=UTF-8
1 > Content-Length: 95
1 > Host: bookstore.demoqa.com
1 > Connection: Keep-Alive
1 > User-Agent: Apache-HttpClient/4.5.14 (Java/21.0.9)
1 > Accept-Encoding: gzip,deflate
{"userName":"gabriel_user_3b1c2efd-34b0-4d2d-b2e1-e14add265638","password":"Senha@qualquer123"}

11:15:48.497 [main] DEBUG com.intuit.karate - response time in milliseconds: 1236
1 < 201
1 < Server: nginx/1.17.10 (Ubuntu)
1 < Date: Mon, 12 Jan 2026 14:15:49 GMT
1 < Content-Type: application/json; charset=utf-8
1 < Content-Length: 123
1 < Connection: keep-alive
1 < X-Powered-By: Express
1 < ETag: W/"7b-fSfAdrKSn3dR20KyEuh2K+BQdj0"
{"userID":"ba523b2b-4cf1-4b5d-8c13-eb5b752aab2f","username":"gabriel_user_3b1c2efd-34b0-4d2d-b2e1-e14add265638","books":[]}

11:15:48.499 [main] DEBUG com.intuit.karate - request:
2 > POST https://bookstore.demoqa.com/Account/v1/GenerateToken
2 > Content-Type: application/json; charset=UTF-8
2 > Content-Length: 95
2 > Host: bookstore.demoqa.com
2 > Connection: Keep-Alive
2 > User-Agent: Apache-HttpClient/4.5.14 (Java/21.0.9)
2 > Accept-Encoding: gzip,deflate
{"userName":"gabriel_user_3b1c2efd-34b0-4d2d-b2e1-e14add265638","password":"Senha@qualquer123"}

11:15:49.899 [main] DEBUG com.intuit.karate - response time in milliseconds: 1400
2 < 200
2 < Server: nginx/1.17.10 (Ubuntu)
2 < Date: Mon, 12 Jan 2026 14:15:50 GMT
2 < Content-Type: application/json; charset=utf-8
2 < Content-Length: 340
2 < Connection: keep-alive
2 < X-Powered-By: Express
2 < ETag: W/"154-lldT3YIO4kogPd+6mXIorZnkAHE"
{"token":"eyJhbGciOiJIUzI1NiIsInR5cCI6IkpXVCJ9.eyJ1c2VyTmFtZSI6ImdhYnJpZWxfdXNlcl8zYjFjMmVmZC0zNGIwLTRkMmQtYjJlMS1lMTRhZGQyNjU2MzgiLCJwYXNzd29yZCI6IlNlbmhhQHF1YWxxdWVyMTIzIiwiaWF0IjoxNzY4MjI3MzQ5fQ.M89Lmjc69099SEDzGtI3oqox-KDTlb01wFTtCnq-BCM","expires":"2026-01-19T14:15:49.569Z","status":"Success","result":"User authorized successfully."}

11:15:49.901 [main] DEBUG com.intuit.karate - request:
3 > POST https://bookstore.demoqa.com/BookStore/v1/Books
3 > Authorization: Bearer eyJhbGciOiJIUzI1NiIsInR5cCI6IkpXVCJ9.eyJ1c2VyTmFtZSI6ImdhYnJpZWxfdXNlcl8zYjFjMmVmZC0zNGIwLTRkMmQtYjJlMS1lMTRhZGQyNjU2MzgiLCJwYXNzd29yZCI6IlNlbmhhQHF1YWxxdWVyMTIzIiwiaWF0IjoxNzY4MjI3MzQ5fQ.M89Lmjc69099SEDzGtI3oqox-KDTlb01wFTtCnq-BCM
3 > Content-Type: application/json; charset=UTF-8
3 > Content-Length: 96
3 > Host: bookstore.demoqa.com
3 > Connection: Keep-Alive
3 > User-Agent: Apache-HttpClient/4.5.14 (Java/21.0.9)
3 > Accept-Encoding: gzip,deflate
{"userId":"ba523b2b-4cf1-4b5d-8c13-eb5b752aab2f","collectionOfIsbns":[{"isbn":"9781593275846"}]}

11:15:51.241 [main] DEBUG com.intuit.karate - response time in milliseconds: 1340
3 < 201
3 < Server: nginx/1.17.10 (Ubuntu)
3 < Date: Mon, 12 Jan 2026 14:15:51 GMT
3 < Content-Type: application/json; charset=utf-8
3 < Content-Length: 36
3 < Connection: keep-alive
3 < X-Powered-By: Express
3 < ETag: W/"24-BFU4j9UH/3mdWuXxgz5p8Pxzl2A"
{"books":[{"isbn":"9781593275846"}]}

11:15:51.243 [main] INFO  com.intuit.karate - [print] Livro adicionado com ISBN: 9781593275846 
11:15:51.243 [main] DEBUG com.intuit.karate - request:
4 > GET https://bookstore.demoqa.com/BookStore/v1/Book?ISBN=9781593275846
4 > Host: bookstore.demoqa.com
4 > Connection: Keep-Alive
4 > User-Agent: Apache-HttpClient/4.5.14 (Java/21.0.9)
4 > Accept-Encoding: gzip,deflate


11:15:51.736 [main] DEBUG com.intuit.karate - response time in milliseconds: 493
4 < 200
4 < Server: nginx/1.17.10 (Ubuntu)
4 < Date: Mon, 12 Jan 2026 14:15:52 GMT
4 < Content-Type: application/json; charset=utf-8
4 < Content-Length: 547
4 < Connection: keep-alive
4 < X-Powered-By: Express
4 < ETag: W/"223-EFRPfP37r7W6mL2eByobv+FEiiA"
{"isbn":"9781593275846","title":"Eloquent JavaScript, Second Edition","subTitle":"A Modern Introduction to Programming","author":"Marijn Haverbeke","publish_date":"2014-12-14T00:00:00.000Z","publisher":"No Starch Press","pages":472,"description":"JavaScript lies at the heart of almost every modern web application, from social apps to the newest browser-based games. Though simple for beginners to pick up and play with, JavaScript is a flexible, complex language that you can use to build full-scale ","website":"http://eloquentjavascript.net/"}

11:15:51.736 [main] INFO  com.intuit.karate - [print] Validação concluída: Eloquent JavaScript, Second Edition 
]]></system-out>
  </testcase>
  <testcase name="[1.7:59] Adicionar livro ao usuário com ISBNs diferentes" classname="features/adicionarLivroAoUsuarioOutline" time="3.627">
    <system-out><![CDATA[11:15:51.754 [main] INFO  com.intuit.karate - Token gerado no config: eyJhbGciOiJIUzI1NiIsInR5cCI6IkpXVCJ9.eyJ1c2VyTmFtZSI6InVzdWFyaW9fOTE5YTY0N2MtNjQwMS00ODRjLTk5NjAtMDk0ZDA4MjFjNzBhIiwicGFzc3dvcmQiOiJTZW5oYUAxMjMiLCJpYXQiOjE3NjgyMjczMTl9.x0qv268GDz02ZplVCSbe-FWUrAHHw8POOqC4nxLd47Q UserId: uid_1768227351754 
11:15:51.754 [main] DEBUG c.intuit.karate.core.ScenarioEngine - over-writing existing variable 'baseUrl' with new value: 'https://bookstore.demoqa.com'
11:15:51.759 [main] DEBUG com.intuit.karate - request:
1 > POST https://bookstore.demoqa.com/Account/v1/User
1 > Content-Type: application/json; charset=UTF-8
1 > Content-Length: 95
1 > Host: bookstore.demoqa.com
1 > Connection: Keep-Alive
1 > User-Agent: Apache-HttpClient/4.5.14 (Java/21.0.9)
1 > Accept-Encoding: gzip,deflate
{"userName":"gabriel_user_f7ab38fe-f421-4c27-85ba-9ae0fe25f0a5","password":"Senha@qualquer123"}

11:15:52.813 [main] DEBUG com.intuit.karate - response time in milliseconds: 1054
1 < 201
1 < Server: nginx/1.17.10 (Ubuntu)
1 < Date: Mon, 12 Jan 2026 14:15:53 GMT
1 < Content-Type: application/json; charset=utf-8
1 < Content-Length: 123
1 < Connection: keep-alive
1 < X-Powered-By: Express
1 < ETag: W/"7b-QQnd90EKLMhDhnxgDxy7lhyXVdU"
{"userID":"2435b5b8-d23f-4e37-919e-3a38cb0a10b5","username":"gabriel_user_f7ab38fe-f421-4c27-85ba-9ae0fe25f0a5","books":[]}

11:15:52.813 [main] DEBUG com.intuit.karate - request:
2 > POST https://bookstore.demoqa.com/Account/v1/GenerateToken
2 > Content-Type: application/json; charset=UTF-8
2 > Content-Length: 95
2 > Host: bookstore.demoqa.com
2 > Connection: Keep-Alive
2 > User-Agent: Apache-HttpClient/4.5.14 (Java/21.0.9)
2 > Accept-Encoding: gzip,deflate
{"userName":"gabriel_user_f7ab38fe-f421-4c27-85ba-9ae0fe25f0a5","password":"Senha@qualquer123"}

11:15:53.843 [main] DEBUG com.intuit.karate - response time in milliseconds: 1030
2 < 200
2 < Server: nginx/1.17.10 (Ubuntu)
2 < Date: Mon, 12 Jan 2026 14:15:54 GMT
2 < Content-Type: application/json; charset=utf-8
2 < Content-Length: 340
2 < Connection: keep-alive
2 < X-Powered-By: Express
2 < ETag: W/"154-A8WsEvi5eNanTRa+OJxDLJ7+5yQ"
{"token":"eyJhbGciOiJIUzI1NiIsInR5cCI6IkpXVCJ9.eyJ1c2VyTmFtZSI6ImdhYnJpZWxfdXNlcl9mN2FiMzhmZS1mNDIxLTRjMjctODViYS05YWUwZmUyNWYwYTUiLCJwYXNzd29yZCI6IlNlbmhhQHF1YWxxdWVyMTIzIiwiaWF0IjoxNzY4MjI3MzUzfQ.f6tU8DQdAejJou2U7y6Jy_LxFWfGtVultwdUZ_zcA08","expires":"2026-01-19T14:15:53.878Z","status":"Success","result":"User authorized successfully."}

11:15:53.860 [main] DEBUG com.intuit.karate - request:
3 > POST https://bookstore.demoqa.com/BookStore/v1/Books
3 > Authorization: Bearer eyJhbGciOiJIUzI1NiIsInR5cCI6IkpXVCJ9.eyJ1c2VyTmFtZSI6ImdhYnJpZWxfdXNlcl9mN2FiMzhmZS1mNDIxLTRjMjctODViYS05YWUwZmUyNWYwYTUiLCJwYXNzd29yZCI6IlNlbmhhQHF1YWxxdWVyMTIzIiwiaWF0IjoxNzY4MjI3MzUzfQ.f6tU8DQdAejJou2U7y6Jy_LxFWfGtVultwdUZ_zcA08
3 > Content-Type: application/json; charset=UTF-8
3 > Content-Length: 96
3 > Host: bookstore.demoqa.com
3 > Connection: Keep-Alive
3 > User-Agent: Apache-HttpClient/4.5.14 (Java/21.0.9)
3 > Accept-Encoding: gzip,deflate
{"userId":"2435b5b8-d23f-4e37-919e-3a38cb0a10b5","collectionOfIsbns":[{"isbn":"9781593277574"}]}

11:15:54.526 [main] DEBUG com.intuit.karate - response time in milliseconds: 666
3 < 201
3 < Server: nginx/1.17.10 (Ubuntu)
3 < Date: Mon, 12 Jan 2026 14:15:55 GMT
3 < Content-Type: application/json; charset=utf-8
3 < Content-Length: 36
3 < Connection: keep-alive
3 < X-Powered-By: Express
3 < ETag: W/"24-KfSOnGhZNOpdhRo6h13XzyOU8qg"
{"books":[{"isbn":"9781593277574"}]}

11:15:54.526 [main] INFO  com.intuit.karate - [print] Livro adicionado com ISBN: 9781593277574 
11:15:54.526 [main] DEBUG com.intuit.karate - request:
4 > GET https://bookstore.demoqa.com/BookStore/v1/Book?ISBN=9781593277574
4 > Host: bookstore.demoqa.com
4 > Connection: Keep-Alive
4 > User-Agent: Apache-HttpClient/4.5.14 (Java/21.0.9)
4 > Accept-Encoding: gzip,deflate


11:15:55.127 [main] DEBUG com.intuit.karate - response time in milliseconds: 601
4 < 200
4 < Server: nginx/1.17.10 (Ubuntu)
4 < Date: Mon, 12 Jan 2026 14:15:55 GMT
4 < Content-Type: application/json; charset=utf-8
4 < Content-Length: 560
4 < Connection: keep-alive
4 < X-Powered-By: Express
4 < ETag: W/"230-03VkJUJxAksYx6a4ZUfQn4rLgas"
{"isbn":"9781593277574","title":"Understanding ECMAScript 6","subTitle":"The Definitive Guide for JavaScript Developers","author":"Nicholas C. Zakas","publish_date":"2016-09-03T00:00:00.000Z","publisher":"No Starch Press","pages":352,"description":"ECMAScript 6 represents the biggest update to the core of JavaScript in the history of the language. In Understanding ECMAScript 6, expert developer Nicholas C. Zakas provides a complete guide to the object types, syntax, and other exciting changes that E","website":"https://leanpub.com/understandinges6/read"}

11:15:55.127 [main] INFO  com.intuit.karate - [print] Validação concluída: Understanding ECMAScript 6 
---------------------------------------------------------
feature: classpath:features/adicionarLivroAoUsuarioOutline.feature
scenarios:  7 | passed:  7 | failed:  0 | time: 27,9326
---------------------------------------------------------

]]></system-out>
  </testcase>
  <testcase name="[1:6] Criar usuário e atualizar ISBN" classname="features/atualizacaoISBN" time="4.043">
    <system-out><![CDATA[11:15:55.397 [main] INFO  com.intuit.karate - Token gerado no config: eyJhbGciOiJIUzI1NiIsInR5cCI6IkpXVCJ9.eyJ1c2VyTmFtZSI6InVzdWFyaW9fOTE5YTY0N2MtNjQwMS00ODRjLTk5NjAtMDk0ZDA4MjFjNzBhIiwicGFzc3dvcmQiOiJTZW5oYUAxMjMiLCJpYXQiOjE3NjgyMjczMTl9.x0qv268GDz02ZplVCSbe-FWUrAHHw8POOqC4nxLd47Q UserId: uid_1768227355395 
11:15:55.397 [main] DEBUG c.intuit.karate.core.ScenarioEngine - over-writing existing variable 'baseUrl' with new value: 'https://bookstore.demoqa.com'
11:15:55.397 [main] DEBUG com.intuit.karate - request:
1 > POST https://bookstore.demoqa.com/Account/v1/User
1 > Content-Type: application/json; charset=UTF-8
1 > Content-Length: 82
1 > Host: bookstore.demoqa.com
1 > Connection: Keep-Alive
1 > User-Agent: Apache-HttpClient/4.5.14 (Java/21.0.9)
1 > Accept-Encoding: gzip,deflate
{"userName":"usuario_8846dec4-2008-47ff-b6f6-bedddb70a2cd","password":"Senha@123"}

11:15:56.476 [main] DEBUG com.intuit.karate - response time in milliseconds: 1079
1 < 201
1 < Server: nginx/1.17.10 (Ubuntu)
1 < Date: Mon, 12 Jan 2026 14:15:57 GMT
1 < Content-Type: application/json; charset=utf-8
1 < Content-Length: 118
1 < Connection: keep-alive
1 < X-Powered-By: Express
1 < ETag: W/"76-JkdjWOOSqsXyJoKYG5PSmugbBTU"
{"userID":"bfa4316d-bbdb-425c-b193-1c8247a0da10","username":"usuario_8846dec4-2008-47ff-b6f6-bedddb70a2cd","books":[]}

11:15:56.476 [main] INFO  com.intuit.karate - [print] Novo UserId criado: bfa4316d-bbdb-425c-b193-1c8247a0da10 
11:15:56.476 [main] DEBUG com.intuit.karate - request:
2 > POST https://bookstore.demoqa.com/Account/v1/GenerateToken
2 > Content-Type: application/json; charset=UTF-8
2 > Content-Length: 82
2 > Host: bookstore.demoqa.com
2 > Connection: Keep-Alive
2 > User-Agent: Apache-HttpClient/4.5.14 (Java/21.0.9)
2 > Accept-Encoding: gzip,deflate
{"userName":"usuario_8846dec4-2008-47ff-b6f6-bedddb70a2cd","password":"Senha@123"}

11:15:57.584 [main] DEBUG com.intuit.karate - response time in milliseconds: 1108
2 < 200
2 < Server: nginx/1.17.10 (Ubuntu)
2 < Date: Mon, 12 Jan 2026 14:15:58 GMT
2 < Content-Type: application/json; charset=utf-8
2 < Content-Length: 322
2 < Connection: keep-alive
2 < X-Powered-By: Express
2 < ETag: W/"142-IqBZRpQJy4KVPe6Fz3WmjbBsbKM"
{"token":"eyJhbGciOiJIUzI1NiIsInR5cCI6IkpXVCJ9.eyJ1c2VyTmFtZSI6InVzdWFyaW9fODg0NmRlYzQtMjAwOC00N2ZmLWI2ZjYtYmVkZGRiNzBhMmNkIiwicGFzc3dvcmQiOiJTZW5oYUAxMjMiLCJpYXQiOjE3NjgyMjczNTd9.qrHES9xfRkOCl0RTkgtpq2-AarUQuumZHw99csqQFpg","expires":"2026-01-19T14:15:57.564Z","status":"Success","result":"User authorized successfully."}

11:15:57.584 [main] INFO  com.intuit.karate - [print] Token gerado: eyJhbGciOiJIUzI1NiIsInR5cCI6IkpXVCJ9.eyJ1c2VyTmFtZSI6InVzdWFyaW9fODg0NmRlYzQtMjAwOC00N2ZmLWI2ZjYtYmVkZGRiNzBhMmNkIiwicGFzc3dvcmQiOiJTZW5oYUAxMjMiLCJpYXQiOjE3NjgyMjczNTd9.qrHES9xfRkOCl0RTkgtpq2-AarUQuumZHw99csqQFpg 
11:15:57.584 [main] DEBUG com.intuit.karate - request:
3 > GET https://bookstore.demoqa.com/BookStore/v1/Books
3 > Host: bookstore.demoqa.com
3 > Connection: Keep-Alive
3 > User-Agent: Apache-HttpClient/4.5.14 (Java/21.0.9)
3 > Accept-Encoding: gzip,deflate


11:15:58.042 [main] DEBUG com.intuit.karate - response time in milliseconds: 458
3 < 200
3 < Server: nginx/1.17.10 (Ubuntu)
3 < Date: Mon, 12 Jan 2026 14:15:58 GMT
3 < Content-Type: application/json; charset=utf-8
3 < Content-Length: 4514
3 < Connection: keep-alive
3 < X-Powered-By: Express
3 < ETag: W/"11a2-8zfX++QwcgaCjSU6F8JP9fUd1tY"
{"books":[{"isbn":"9781449325862","title":"Git Pocket Guide","subTitle":"A Working Introduction","author":"Richard E. Silverman","publish_date":"2020-06-04T08:48:39.000Z","publisher":"O'Reilly Media","pages":234,"description":"This pocket guide is the perfect on-the-job companion to Git, the distributed version control system. It provides a compact, readable introduction to Git for new users, as well as a reference to common commands and procedures for those of you with Git exp","website":"http://chimera.labs.oreilly.com/books/1230000000561/index.html"},{"isbn":"9781449331818","title":"Learning JavaScript Design Patterns","subTitle":"A JavaScript and jQuery Developer's Guide","author":"Addy Osmani","publish_date":"2020-06-04T09:11:40.000Z","publisher":"O'Reilly Media","pages":254,"description":"With Learning JavaScript Design Patterns, you'll learn how to write beautiful, structured, and maintainable JavaScript by applying classical and modern design patterns to the language. If you want to keep your code efficient, more manageable, and up-to-da","website":"http://www.addyosmani.com/resources/essentialjsdesignpatterns/book/"},{"isbn":"9781449337711","title":"Designing Evolvable Web APIs with ASP.NET","subTitle":"Harnessing the Power of the Web","author":"Glenn Block et al.","publish_date":"2020-06-04T09:12:43.000Z","publisher":"O'Reilly Media","pages":238,"description":"Design and build Web APIs for a broad range of clients—including browsers and mobile devices—that can adapt to change over time. This practical, hands-on guide takes you through the theory and tools you need to build evolvable HTTP services with Microsoft","website":"http://chimera.labs.oreilly.com/books/1234000001708/index.html"},{"isbn":"9781449365035","title":"Speaking JavaScript","subTitle":"An In-Depth Guide for Programmers","author":"Axel Rauschmayer","publish_date":"2014-02-01T00:00:00.000Z","publisher":"O'Reilly Media","pages":460,"description":"Like it or not, JavaScript is everywhere these days-from browser to server to mobile-and now you, too, need to learn the language or dive deeper than you have. This concise book guides you into and through JavaScript, written by a veteran programmer who o","website":"http://speakingjs.com/"},{"isbn":"9781491904244","title":"You Don't Know JS","subTitle":"ES6 & Beyond","author":"Kyle Simpson","publish_date":"2015-12-27T00:00:00.000Z","publisher":"O'Reilly Media","pages":278,"description":"No matter how much experience you have with JavaScript, odds are you don’t fully understand the language. As part of the \\\"You Don’t Know JS\\\" series, this compact guide focuses on new features available in ECMAScript 6 (ES6), the latest version of the st","website":"https://github.com/getify/You-Dont-Know-JS/tree/master/es6%20&%20beyond"},{"isbn":"9781491950296","title":"Programming JavaScript Applications","subTitle":"Robust Web Architecture with Node, HTML5, and Modern JS Libraries","author":"Eric Elliott","publish_date":"2014-07-01T00:00:00.000Z","publisher":"O'Reilly Media","pages":254,"description":"Take advantage of JavaScript's power to build robust web-scale or enterprise applications that are easy to extend and maintain. By applying the design patterns outlined in this practical book, experienced JavaScript developers will learn how to write flex","website":"http://chimera.labs.oreilly.com/books/1234000000262/index.html"},{"isbn":"9781593275846","title":"Eloquent JavaScript, Second Edition","subTitle":"A Modern Introduction to Programming","author":"Marijn Haverbeke","publish_date":"2014-12-14T00:00:00.000Z","publisher":"No Starch Press","pages":472,"description":"JavaScript lies at the heart of almost every modern web application, from social apps to the newest browser-based games. Though simple for beginners to pick up and play with, JavaScript is a flexible, complex language that you can use to build full-scale ","website":"http://eloquentjavascript.net/"},{"isbn":"9781593277574","title":"Understanding ECMAScript 6","subTitle":"The Definitive Guide for JavaScript Developers","author":"Nicholas C. Zakas","publish_date":"2016-09-03T00:00:00.000Z","publisher":"No Starch Press","pages":352,"description":"ECMAScript 6 represents the biggest update to the core of JavaScript in the history of the language. In Understanding ECMAScript 6, expert developer Nicholas C. Zakas provides a complete guide to the object types, syntax, and other exciting changes that E","website":"https://leanpub.com/understandinges6/read"}]}

11:15:58.042 [main] INFO  com.intuit.karate - [print] ISBN inicial: 9781449325862 ISBN novo: 9781449331818 
11:15:58.042 [main] DEBUG com.intuit.karate - request:
4 > POST https://bookstore.demoqa.com/BookStore/v1/Books
4 > Authorization: Bearer eyJhbGciOiJIUzI1NiIsInR5cCI6IkpXVCJ9.eyJ1c2VyTmFtZSI6InVzdWFyaW9fODg0NmRlYzQtMjAwOC00N2ZmLWI2ZjYtYmVkZGRiNzBhMmNkIiwicGFzc3dvcmQiOiJTZW5oYUAxMjMiLCJpYXQiOjE3NjgyMjczNTd9.qrHES9xfRkOCl0RTkgtpq2-AarUQuumZHw99csqQFpg
4 > Content-Type: application/json; charset=UTF-8
4 > Content-Length: 96
4 > Host: bookstore.demoqa.com
4 > Connection: Keep-Alive
4 > User-Agent: Apache-HttpClient/4.5.14 (Java/21.0.9)
4 > Accept-Encoding: gzip,deflate
{"userId":"bfa4316d-bbdb-425c-b193-1c8247a0da10","collectionOfIsbns":[{"isbn":"9781449325862"}]}

11:15:58.665 [main] DEBUG com.intuit.karate - response time in milliseconds: 623
4 < 201
4 < Server: nginx/1.17.10 (Ubuntu)
4 < Date: Mon, 12 Jan 2026 14:15:59 GMT
4 < Content-Type: application/json; charset=utf-8
4 < Content-Length: 36
4 < Connection: keep-alive
4 < X-Powered-By: Express
4 < ETag: W/"24-2U7DK3nFgERO/LjA8mW3SiqYyFc"
{"books":[{"isbn":"9781449325862"}]}

11:15:58.665 [main] DEBUG com.intuit.karate - request:
5 > PUT https://bookstore.demoqa.com/BookStore/v1/Books/9781449325862
5 > Authorization: Bearer eyJhbGciOiJIUzI1NiIsInR5cCI6IkpXVCJ9.eyJ1c2VyTmFtZSI6InVzdWFyaW9fODg0NmRlYzQtMjAwOC00N2ZmLWI2ZjYtYmVkZGRiNzBhMmNkIiwicGFzc3dvcmQiOiJTZW5oYUAxMjMiLCJpYXQiOjE3NjgyMjczNTd9.qrHES9xfRkOCl0RTkgtpq2-AarUQuumZHw99csqQFpg
5 > Content-Type: application/json; charset=UTF-8
5 > Content-Length: 72
5 > Host: bookstore.demoqa.com
5 > Connection: Keep-Alive
5 > User-Agent: Apache-HttpClient/4.5.14 (Java/21.0.9)
5 > Accept-Encoding: gzip,deflate
{"userId":"bfa4316d-bbdb-425c-b193-1c8247a0da10","isbn":"9781449331818"}

11:15:59.422 [main] DEBUG com.intuit.karate - response time in milliseconds: 757
5 < 200
5 < Server: nginx/1.17.10 (Ubuntu)
5 < Date: Mon, 12 Jan 2026 14:16:00 GMT
5 < Content-Type: application/json; charset=utf-8
5 < Content-Length: 701
5 < Connection: keep-alive
5 < X-Powered-By: Express
5 < ETag: W/"2bd-lSKQopGYgutD0Bq6fcqllu6V6mI"
{"userId":"bfa4316d-bbdb-425c-b193-1c8247a0da10","username":"usuario_8846dec4-2008-47ff-b6f6-bedddb70a2cd","books":[{"isbn":"9781449331818","title":"Learning JavaScript Design Patterns","subTitle":"A JavaScript and jQuery Developer's Guide","author":"Addy Osmani","publish_date":"2020-06-04T09:11:40.000Z","publisher":"O'Reilly Media","pages":254,"description":"With Learning JavaScript Design Patterns, you'll learn how to write beautiful, structured, and maintainable JavaScript by applying classical and modern design patterns to the language. If you want to keep your code efficient, more manageable, and up-to-da","website":"http://www.addyosmani.com/resources/essentialjsdesignpatterns/book/"}]}

11:15:59.422 [main] INFO  com.intuit.karate - [print] Livro atualizado para ISBN: 9781449331818 
]]></system-out>
  </testcase>
  <testcase name="[2:65] Tentar atualizar ISBN com token inválido" classname="features/atualizacaoISBN" time="0.539">
    <system-out><![CDATA[11:15:59.431 [main] INFO  com.intuit.karate - Token gerado no config: eyJhbGciOiJIUzI1NiIsInR5cCI6IkpXVCJ9.eyJ1c2VyTmFtZSI6InVzdWFyaW9fOTE5YTY0N2MtNjQwMS00ODRjLTk5NjAtMDk0ZDA4MjFjNzBhIiwicGFzc3dvcmQiOiJTZW5oYUAxMjMiLCJpYXQiOjE3NjgyMjczMTl9.x0qv268GDz02ZplVCSbe-FWUrAHHw8POOqC4nxLd47Q UserId: uid_1768227359427 
11:15:59.431 [main] DEBUG c.intuit.karate.core.ScenarioEngine - over-writing existing variable 'baseUrl' with new value: 'https://bookstore.demoqa.com'
11:15:59.431 [main] DEBUG com.intuit.karate - request:
1 > PUT https://bookstore.demoqa.com/BookStore/v1/Books/9781449325862
1 > Authorization: Bearer 1234567890
1 > Content-Type: application/json; charset=UTF-8
1 > Content-Length: 47
1 > Host: bookstore.demoqa.com
1 > Connection: Keep-Alive
1 > User-Agent: Apache-HttpClient/4.5.14 (Java/21.0.9)
1 > Accept-Encoding: gzip,deflate
{"userId":"qualquer-id","isbn":"9781449331818"}

11:15:59.884 [main] DEBUG com.intuit.karate - response time in milliseconds: 453
1 < 401
1 < Server: nginx/1.17.10 (Ubuntu)
1 < Date: Mon, 12 Jan 2026 14:16:00 GMT
1 < Content-Type: application/json; charset=utf-8
1 < Content-Length: 48
1 < Connection: keep-alive
1 < X-Powered-By: Express
1 < ETag: W/"30-zoAnprTpYK9HmHYlpHOx6U+Br2A"
{"code":"1207","message":"User Id not correct!"}

11:15:59.884 [main] INFO  com.intuit.karate - [print] Erro esperado: {
  "code": "1207",
  "message": "User Id not correct!"
}
 
---------------------------------------------------------
feature: classpath:features/atualizacaoISBN.feature
scenarios:  2 | passed:  2 | failed:  0 | time: 4,4944
---------------------------------------------------------

]]></system-out>
  </testcase>
  <testcase name="[1.1:56] Atualizar ISBN do livro com diferentes combinações" classname="features/atualizacaoISBNoutLine" time="4.036">
    <system-out><![CDATA[11:15:59.970 [main] INFO  com.intuit.karate - Token gerado no config: eyJhbGciOiJIUzI1NiIsInR5cCI6IkpXVCJ9.eyJ1c2VyTmFtZSI6InVzdWFyaW9fOTE5YTY0N2MtNjQwMS00ODRjLTk5NjAtMDk0ZDA4MjFjNzBhIiwicGFzc3dvcmQiOiJTZW5oYUAxMjMiLCJpYXQiOjE3NjgyMjczMTl9.x0qv268GDz02ZplVCSbe-FWUrAHHw8POOqC4nxLd47Q UserId: uid_1768227359970 
11:15:59.970 [main] DEBUG c.intuit.karate.core.ScenarioEngine - over-writing existing variable 'baseUrl' with new value: 'https://bookstore.demoqa.com'
11:15:59.979 [main] DEBUG com.intuit.karate - request:
1 > POST https://bookstore.demoqa.com/Account/v1/User
1 > Content-Type: application/json; charset=UTF-8
1 > Content-Length: 82
1 > Host: bookstore.demoqa.com
1 > Connection: Keep-Alive
1 > User-Agent: Apache-HttpClient/4.5.14 (Java/21.0.9)
1 > Accept-Encoding: gzip,deflate
{"userName":"usuario_b2dc5b51-ae0a-40e8-8938-6889c71ff05f","password":"Senha@123"}

11:16:01.026 [main] DEBUG com.intuit.karate - response time in milliseconds: 1045
1 < 201
1 < Server: nginx/1.17.10 (Ubuntu)
1 < Date: Mon, 12 Jan 2026 14:16:01 GMT
1 < Content-Type: application/json; charset=utf-8
1 < Content-Length: 118
1 < Connection: keep-alive
1 < X-Powered-By: Express
1 < ETag: W/"76-EwZvQ4FYO3W+6Wb1gEhPVfkDG14"
{"userID":"e63f2d5c-b477-4c2f-b726-d752dc0e71d8","username":"usuario_b2dc5b51-ae0a-40e8-8938-6889c71ff05f","books":[]}

11:16:01.026 [main] DEBUG com.intuit.karate - request:
2 > POST https://bookstore.demoqa.com/Account/v1/GenerateToken
2 > Content-Type: application/json; charset=UTF-8
2 > Content-Length: 82
2 > Host: bookstore.demoqa.com
2 > Connection: Keep-Alive
2 > User-Agent: Apache-HttpClient/4.5.14 (Java/21.0.9)
2 > Accept-Encoding: gzip,deflate
{"userName":"usuario_b2dc5b51-ae0a-40e8-8938-6889c71ff05f","password":"Senha@123"}

11:16:02.168 [main] DEBUG com.intuit.karate - response time in milliseconds: 1142
2 < 200
2 < Server: nginx/1.17.10 (Ubuntu)
2 < Date: Mon, 12 Jan 2026 14:16:02 GMT
2 < Content-Type: application/json; charset=utf-8
2 < Content-Length: 322
2 < Connection: keep-alive
2 < X-Powered-By: Express
2 < ETag: W/"142-AcTsmbkro5qxQ0cv5Ki3TNITIZw"
{"token":"eyJhbGciOiJIUzI1NiIsInR5cCI6IkpXVCJ9.eyJ1c2VyTmFtZSI6InVzdWFyaW9fYjJkYzViNTEtYWUwYS00MGU4LTg5MzgtNjg4OWM3MWZmMDVmIiwicGFzc3dvcmQiOiJTZW5oYUAxMjMiLCJpYXQiOjE3NjgyMjczNjJ9.BAUMdJzEdU_k4KbMJelokyieFtubeVXCEXZBssxSIUg","expires":"2026-01-19T14:16:02.087Z","status":"Success","result":"User authorized successfully."}

11:16:02.168 [main] DEBUG com.intuit.karate - request:
3 > POST https://bookstore.demoqa.com/BookStore/v1/Books
3 > Authorization: Bearer eyJhbGciOiJIUzI1NiIsInR5cCI6IkpXVCJ9.eyJ1c2VyTmFtZSI6InVzdWFyaW9fYjJkYzViNTEtYWUwYS00MGU4LTg5MzgtNjg4OWM3MWZmMDVmIiwicGFzc3dvcmQiOiJTZW5oYUAxMjMiLCJpYXQiOjE3NjgyMjczNjJ9.BAUMdJzEdU_k4KbMJelokyieFtubeVXCEXZBssxSIUg
3 > Content-Type: application/json; charset=UTF-8
3 > Content-Length: 96
3 > Host: bookstore.demoqa.com
3 > Connection: Keep-Alive
3 > User-Agent: Apache-HttpClient/4.5.14 (Java/21.0.9)
3 > Accept-Encoding: gzip,deflate
{"userId":"e63f2d5c-b477-4c2f-b726-d752dc0e71d8","collectionOfIsbns":[{"isbn":"9781449325862"}]}

11:16:03.322 [main] DEBUG com.intuit.karate - response time in milliseconds: 1154
3 < 201
3 < Server: nginx/1.17.10 (Ubuntu)
3 < Date: Mon, 12 Jan 2026 14:16:03 GMT
3 < Content-Type: application/json; charset=utf-8
3 < Content-Length: 36
3 < Connection: keep-alive
3 < X-Powered-By: Express
3 < ETag: W/"24-2U7DK3nFgERO/LjA8mW3SiqYyFc"
{"books":[{"isbn":"9781449325862"}]}

11:16:03.324 [main] DEBUG com.intuit.karate - request:
4 > PUT https://bookstore.demoqa.com/BookStore/v1/Books/9781449325862
4 > Authorization: Bearer eyJhbGciOiJIUzI1NiIsInR5cCI6IkpXVCJ9.eyJ1c2VyTmFtZSI6InVzdWFyaW9fYjJkYzViNTEtYWUwYS00MGU4LTg5MzgtNjg4OWM3MWZmMDVmIiwicGFzc3dvcmQiOiJTZW5oYUAxMjMiLCJpYXQiOjE3NjgyMjczNjJ9.BAUMdJzEdU_k4KbMJelokyieFtubeVXCEXZBssxSIUg
4 > Content-Type: application/json; charset=UTF-8
4 > Content-Length: 72
4 > Host: bookstore.demoqa.com
4 > Connection: Keep-Alive
4 > User-Agent: Apache-HttpClient/4.5.14 (Java/21.0.9)
4 > Accept-Encoding: gzip,deflate
{"userId":"e63f2d5c-b477-4c2f-b726-d752dc0e71d8","isbn":"9781449331818"}

11:16:04.004 [main] DEBUG com.intuit.karate - response time in milliseconds: 680
4 < 200
4 < Server: nginx/1.17.10 (Ubuntu)
4 < Date: Mon, 12 Jan 2026 14:16:04 GMT
4 < Content-Type: application/json; charset=utf-8
4 < Content-Length: 701
4 < Connection: keep-alive
4 < X-Powered-By: Express
4 < ETag: W/"2bd-oQoSmMrqJYjSzs8YSqKdnKXUGYs"
{"userId":"e63f2d5c-b477-4c2f-b726-d752dc0e71d8","username":"usuario_b2dc5b51-ae0a-40e8-8938-6889c71ff05f","books":[{"isbn":"9781449331818","title":"Learning JavaScript Design Patterns","subTitle":"A JavaScript and jQuery Developer's Guide","author":"Addy Osmani","publish_date":"2020-06-04T09:11:40.000Z","publisher":"O'Reilly Media","pages":254,"description":"With Learning JavaScript Design Patterns, you'll learn how to write beautiful, structured, and maintainable JavaScript by applying classical and modern design patterns to the language. If you want to keep your code efficient, more manageable, and up-to-da","website":"http://www.addyosmani.com/resources/essentialjsdesignpatterns/book/"}]}

11:16:04.004 [main] INFO  com.intuit.karate - [print] Livro atualizado de 9781449325862 para 9781449331818 
]]></system-out>
  </testcase>
  <testcase name="[1.2:57] Atualizar ISBN do livro com diferentes combinações" classname="features/atualizacaoISBNoutLine" time="3.76">
    <system-out><![CDATA[11:16:04.024 [main] INFO  com.intuit.karate - Token gerado no config: eyJhbGciOiJIUzI1NiIsInR5cCI6IkpXVCJ9.eyJ1c2VyTmFtZSI6InVzdWFyaW9fOTE5YTY0N2MtNjQwMS00ODRjLTk5NjAtMDk0ZDA4MjFjNzBhIiwicGFzc3dvcmQiOiJTZW5oYUAxMjMiLCJpYXQiOjE3NjgyMjczMTl9.x0qv268GDz02ZplVCSbe-FWUrAHHw8POOqC4nxLd47Q UserId: uid_1768227364022 
11:16:04.024 [main] DEBUG c.intuit.karate.core.ScenarioEngine - over-writing existing variable 'baseUrl' with new value: 'https://bookstore.demoqa.com'
11:16:04.026 [main] DEBUG com.intuit.karate - request:
1 > POST https://bookstore.demoqa.com/Account/v1/User
1 > Content-Type: application/json; charset=UTF-8
1 > Content-Length: 82
1 > Host: bookstore.demoqa.com
1 > Connection: Keep-Alive
1 > User-Agent: Apache-HttpClient/4.5.14 (Java/21.0.9)
1 > Accept-Encoding: gzip,deflate
{"userName":"usuario_5d2ce051-a8ec-4ce8-abe9-f6e919e4382f","password":"Senha@123"}

11:16:04.799 [main] DEBUG com.intuit.karate - response time in milliseconds: 773
1 < 201
1 < Server: nginx/1.17.10 (Ubuntu)
1 < Date: Mon, 12 Jan 2026 14:16:05 GMT
1 < Content-Type: application/json; charset=utf-8
1 < Content-Length: 118
1 < Connection: keep-alive
1 < X-Powered-By: Express
1 < ETag: W/"76-0VdNPJ1wImiruJcWltVtPdMFbOw"
{"userID":"4ec81eff-8d8f-4e66-be87-062c626d24e7","username":"usuario_5d2ce051-a8ec-4ce8-abe9-f6e919e4382f","books":[]}

11:16:04.799 [main] DEBUG com.intuit.karate - request:
2 > POST https://bookstore.demoqa.com/Account/v1/GenerateToken
2 > Content-Type: application/json; charset=UTF-8
2 > Content-Length: 82
2 > Host: bookstore.demoqa.com
2 > Connection: Keep-Alive
2 > User-Agent: Apache-HttpClient/4.5.14 (Java/21.0.9)
2 > Accept-Encoding: gzip,deflate
{"userName":"usuario_5d2ce051-a8ec-4ce8-abe9-f6e919e4382f","password":"Senha@123"}

11:16:05.817 [main] DEBUG com.intuit.karate - response time in milliseconds: 1018
2 < 200
2 < Server: nginx/1.17.10 (Ubuntu)
2 < Date: Mon, 12 Jan 2026 14:16:06 GMT
2 < Content-Type: application/json; charset=utf-8
2 < Content-Length: 322
2 < Connection: keep-alive
2 < X-Powered-By: Express
2 < ETag: W/"142-2S5mGGoQz+7617yppR0K75Z73oQ"
{"token":"eyJhbGciOiJIUzI1NiIsInR5cCI6IkpXVCJ9.eyJ1c2VyTmFtZSI6InVzdWFyaW9fNWQyY2UwNTEtYThlYy00Y2U4LWFiZTktZjZlOTE5ZTQzODJmIiwicGFzc3dvcmQiOiJTZW5oYUAxMjMiLCJpYXQiOjE3NjgyMjczNjV9.EXeJo4Yk1TYU7r4Szo_RhGeSgPaiIZ6ryjYLLB7wrLY","expires":"2026-01-19T14:16:05.860Z","status":"Success","result":"User authorized successfully."}

11:16:05.817 [main] DEBUG com.intuit.karate - request:
3 > POST https://bookstore.demoqa.com/BookStore/v1/Books
3 > Authorization: Bearer eyJhbGciOiJIUzI1NiIsInR5cCI6IkpXVCJ9.eyJ1c2VyTmFtZSI6InVzdWFyaW9fNWQyY2UwNTEtYThlYy00Y2U4LWFiZTktZjZlOTE5ZTQzODJmIiwicGFzc3dvcmQiOiJTZW5oYUAxMjMiLCJpYXQiOjE3NjgyMjczNjV9.EXeJo4Yk1TYU7r4Szo_RhGeSgPaiIZ6ryjYLLB7wrLY
3 > Content-Type: application/json; charset=UTF-8
3 > Content-Length: 96
3 > Host: bookstore.demoqa.com
3 > Connection: Keep-Alive
3 > User-Agent: Apache-HttpClient/4.5.14 (Java/21.0.9)
3 > Accept-Encoding: gzip,deflate
{"userId":"4ec81eff-8d8f-4e66-be87-062c626d24e7","collectionOfIsbns":[{"isbn":"9781449337711"}]}

11:16:06.876 [main] DEBUG com.intuit.karate - response time in milliseconds: 1059
3 < 201
3 < Server: nginx/1.17.10 (Ubuntu)
3 < Date: Mon, 12 Jan 2026 14:16:07 GMT
3 < Content-Type: application/json; charset=utf-8
3 < Content-Length: 36
3 < Connection: keep-alive
3 < X-Powered-By: Express
3 < ETag: W/"24-T/9HWPMdil/8ZdFqrM67UGhJ+00"
{"books":[{"isbn":"9781449337711"}]}

[...]

11:16:31.762 [main] INFO  com.intuit.karate - [print] Quantidade de livros retornados: 8 
]]></system-out>
  </testcase>
  <testcase name="[2:19] retorna os livros mesmo com o parametro invalido" classname="features/listarCatalogo" time="0.493">
    <system-out><![CDATA[11:16:31.766 [main] INFO  com.intuit.karate - Token gerado no config: eyJhbGciOiJIUzI1NiIsInR5cCI6IkpXVCJ9.eyJ1c2VyTmFtZSI6InVzdWFyaW9fOTE5YTY0N2MtNjQwMS00ODRjLTk5NjAtMDk0ZDA4MjFjNzBhIiwicGFzc3dvcmQiOiJTZW5oYUAxMjMiLCJpYXQiOjE3NjgyMjczMTl9.x0qv268GDz02ZplVCSbe-FWUrAHHw8POOqC4nxLd47Q UserId: uid_1768227391766 
11:16:31.769 [main] DEBUG c.intuit.karate.core.ScenarioEngine - over-writing existing variable 'baseUrl' with new value: 'https://bookstore.demoqa.com'
11:16:31.771 [main] DEBUG com.intuit.karate - request:
1 > GET https://bookstore.demoqa.com/BookStore/v1/Books?invalidParam=abc
1 > Authorization: Bearer eyJhbGciOiJIUzI1NiIsInR5cCI6IkpXVCJ9.eyJ1c2VyTmFtZSI6InVzdWFyaW9fOTE5YTY0N2MtNjQwMS00ODRjLTk5NjAtMDk0ZDA4MjFjNzBhIiwicGFzc3dvcmQiOiJTZW5oYUAxMjMiLCJpYXQiOjE3NjgyMjczMTl9.x0qv268GDz02ZplVCSbe-FWUrAHHw8POOqC4nxLd47Q
1 > Host: bookstore.demoqa.com
1 > Connection: Keep-Alive
1 > User-Agent: Apache-HttpClient/4.5.14 (Java/21.0.9)
1 > Accept-Encoding: gzip,deflate


11:16:32.227 [main] DEBUG com.intuit.karate - response time in milliseconds: 456
1 < 200
1 < Server: nginx/1.17.10 (Ubuntu)
1 < Date: Mon, 12 Jan 2026 14:16:32 GMT
1 < Content-Type: application/json; charset=utf-8
1 < Content-Length: 4514
1 < Connection: keep-alive
1 < X-Powered-By: Express
1 < ETag: W/"11a2-8zfX++QwcgaCjSU6F8JP9fUd1tY"
{"books":[{"isbn":"9781449325862","title":"Git Pocket Guide","subTitle":"A Working Introduction","author":"Richard E. Silverman","publish_date":"2020-06-04T08:48:39.000Z","publisher":"O'Reilly Media","pages":234,"description":"This pocket guide is the perfect on-the-job companion to Git, the distributed version control system. It provides a compact, readable introduction to Git for new users, as well as a reference to common commands and procedures for those of you with Git exp","website":"http://chimera.labs.oreilly.com/books/1230000000561/index.html"},{"isbn":"9781449331818","title":"Learning JavaScript Design Patterns","subTitle":"A JavaScript and jQuery Developer's Guide","author":"Addy Osmani","publish_date":"2020-06-04T09:11:40.000Z","publisher":"O'Reilly Media","pages":254,"description":"With Learning JavaScript Design Patterns, you'll learn how to write beautiful, structured, and maintainable JavaScript by applying classical and modern design patterns to the language. If you want to keep your code efficient, more manageable, and up-to-da","website":"http://www.addyosmani.com/resources/essentialjsdesignpatterns/book/"},{"isbn":"9781449337711","title":"Designing Evolvable Web APIs with ASP.NET","subTitle":"Harnessing the Power of the Web","author":"Glenn Block et al.","publish_date":"2020-06-04T09:12:43.000Z","publisher":"O'Reilly Media","pages":238,"description":"Design and build Web APIs for a broad range of clients—including browsers and mobile devices—that can adapt to change over time. This practical, hands-on guide takes you through the theory and tools you need to build evolvable HTTP services with Microsoft","website":"http://chimera.labs.oreilly.com/books/1234000001708/index.html"},{"isbn":"9781449365035","title":"Speaking JavaScript","subTitle":"An In-Depth Guide for Programmers","author":"Axel Rauschmayer","publish_date":"2014-02-01T00:00:00.000Z","publisher":"O'Reilly Media","pages":460,"description":"Like it or not, JavaScript is everywhere these days-from browser to server to mobile-and now you, too, need to learn the language or dive deeper than you have. This concise book guides you into and through JavaScript, written by a veteran programmer who o","website":"http://speakingjs.com/"},{"isbn":"9781491904244","title":"You Don't Know JS","subTitle":"ES6 & Beyond","author":"Kyle Simpson","publish_date":"2015-12-27T00:00:00.000Z","publisher":"O'Reilly Media","pages":278,"description":"No matter how much experience you have with JavaScript, odds are you don’t fully understand the language. As part of the \\\"You Don’t Know JS\\\" series, this compact guide focuses on new features available in ECMAScript 6 (ES6), the latest version of the st","website":"https://github.com/getify/You-Dont-Know-JS/tree/master/es6%20&%20beyond"},{"isbn":"9781491950296","title":"Programming JavaScript Applications","subTitle":"Robust Web Architecture with Node, HTML5, and Modern JS Libraries","author":"Eric Elliott","publish_date":"2014-07-01T00:00:00.000Z","publisher":"O'Reilly Media","pages":254,"description":"Take advantage of JavaScript's power to build robust web-scale or enterprise applications that are easy to extend and maintain. By applying the design patterns outlined in this practical book, experienced JavaScript developers will learn how to write flex","website":"http://chimera.labs.oreilly.com/books/1234000000262/index.html"},{"isbn":"9781593275846","title":"Eloquent JavaScript, Second Edition","subTitle":"A Modern Introduction to Programming","author":"Marijn Haverbeke","publish_date":"2014-12-14T00:00:00.000Z","publisher":"No Starch Press","pages":472,"description":"JavaScript lies at the heart of almost every modern web application, from social apps to the newest browser-based games. Though simple for beginners to pick up and play with, JavaScript is a flexible, complex language that you can use to build full-scale ","website":"http://eloquentjavascript.net/"},{"isbn":"9781593277574","title":"Understanding ECMAScript 6","subTitle":"The Definitive Guide for JavaScript Developers","author":"Nicholas C. Zakas","publish_date":"2016-09-03T00:00:00.000Z","publisher":"No Starch Press","pages":352,"description":"ECMAScript 6 represents the biggest update to the core of JavaScript in the history of the language. In Understanding ECMAScript 6, expert developer Nicholas C. Zakas provides a complete guide to the object types, syntax, and other exciting changes that E","website":"https://leanpub.com/understandinges6/read"}]}

11:16:32.236 [main] INFO  com.intuit.karate - [print] Quantidade de livros retornados mesmo com parâmetro inválido: 8 
---------------------------------------------------------
feature: classpath:features/listarCatalogo.feature
scenarios:  2 | passed:  2 | failed:  0 | time: 0,9585
---------------------------------------------------------

]]></system-out>
  </testcase>
  <testcase name="[1.1:17] Listar livros com diferentes parâmetros" classname="features/listarCategoriaOutline" time="0.495">
    <system-out><![CDATA[11:16:32.261 [main] INFO  com.intuit.karate - Token gerado no config: eyJhbGciOiJIUzI1NiIsInR5cCI6IkpXVCJ9.eyJ1c2VyTmFtZSI6InVzdWFyaW9fOTE5YTY0N2MtNjQwMS00ODRjLTk5NjAtMDk0ZDA4MjFjNzBhIiwicGFzc3dvcmQiOiJTZW5oYUAxMjMiLCJpYXQiOjE3NjgyMjczMTl9.x0qv268GDz02ZplVCSbe-FWUrAHHw8POOqC4nxLd47Q UserId: uid_1768227392261 
11:16:32.261 [main] DEBUG c.intuit.karate.core.ScenarioEngine - over-writing existing variable 'baseUrl' with new value: 'https://bookstore.demoqa.com'
11:16:32.263 [main] DEBUG com.intuit.karate - request:
1 > GET https://bookstore.demoqa.com/BookStore/v1/Books
1 > Authorization: Bearer eyJhbGciOiJIUzI1NiIsInR5cCI6IkpXVCJ9.eyJ1c2VyTmFtZSI6InVzdWFyaW9fOTE5YTY0N2MtNjQwMS00ODRjLTk5NjAtMDk0ZDA4MjFjNzBhIiwicGFzc3dvcmQiOiJTZW5oYUAxMjMiLCJpYXQiOjE3NjgyMjczMTl9.x0qv268GDz02ZplVCSbe-FWUrAHHw8POOqC4nxLd47Q
1 > Host: bookstore.demoqa.com
1 > Connection: Keep-Alive
1 > User-Agent: Apache-HttpClient/4.5.14 (Java/21.0.9)
1 > Accept-Encoding: gzip,deflate


11:16:32.752 [main] DEBUG com.intuit.karate - response time in milliseconds: 489
1 < 200
1 < Server: nginx/1.17.10 (Ubuntu)
1 < Date: Mon, 12 Jan 2026 14:16:33 GMT
1 < Content-Type: application/json; charset=utf-8
1 < Content-Length: 4514
1 < Connection: keep-alive
1 < X-Powered-By: Express
1 < ETag: W/"11a2-8zfX++QwcgaCjSU6F8JP9fUd1tY"
{"books":[{"isbn":"9781449325862","title":"Git Pocket Guide","subTitle":"A Working Introduction","author":"Richard E. Silverman","publish_date":"2020-06-04T08:48:39.000Z","publisher":"O'Reilly Media","pages":234,"description":"This pocket guide is the perfect on-the-job companion to Git, the distributed version control system. It provides a compact, readable introduction to Git for new users, as well as a reference to common commands and procedures for those of you with Git exp","website":"http://chimera.labs.oreilly.com/books/1230000000561/index.html"},{"isbn":"9781449331818","title":"Learning JavaScript Design Patterns","subTitle":"A JavaScript and jQuery Developer's Guide","author":"Addy Osmani","publish_date":"2020-06-04T09:11:40.000Z","publisher":"O'Reilly Media","pages":254,"description":"With Learning JavaScript Design Patterns, you'll learn how to write beautiful, structured, and maintainable JavaScript by applying classical and modern design patterns to the language. If you want to keep your code efficient, more manageable, and up-to-da","website":"http://www.addyosmani.com/resources/essentialjsdesignpatterns/book/"},{"isbn":"9781449337711","title":"Designing Evolvable Web APIs with ASP.NET","subTitle":"Harnessing the Power of the Web","author":"Glenn Block et al.","publish_date":"2020-06-04T09:12:43.000Z","publisher":"O'Reilly Media","pages":238,"description":"Design and build Web APIs for a broad range of clients—including browsers and mobile devices—that can adapt to change over time. This practical, hands-on guide takes you through the theory and tools you need to build evolvable HTTP services with Microsoft","website":"http://chimera.labs.oreilly.com/books/1234000001708/index.html"},{"isbn":"9781449365035","title":"Speaking JavaScript","subTitle":"An In-Depth Guide for Programmers","author":"Axel Rauschmayer","publish_date":"2014-02-01T00:00:00.000Z","publisher":"O'Reilly Media","pages":460,"description":"Like it or not, JavaScript is everywhere these days-from browser to server to mobile-and now you, too, need to learn the language or dive deeper than you have. This concise book guides you into and through JavaScript, written by a veteran programmer who o","website":"http://speakingjs.com/"},{"isbn":"9781491904244","title":"You Don't Know JS","subTitle":"ES6 & Beyond","author":"Kyle Simpson","publish_date":"2015-12-27T00:00:00.000Z","publisher":"O'Reilly Media","pages":278,"description":"No matter how much experience you have with JavaScript, odds are you don’t fully understand the language. As part of the \\\"You Don’t Know JS\\\" series, this compact guide focuses on new features available in ECMAScript 6 (ES6), the latest version of the st","website":"https://github.com/getify/You-Dont-Know-JS/tree/master/es6%20&%20beyond"},{"isbn":"9781491950296","title":"Programming JavaScript Applications","subTitle":"Robust Web Architecture with Node, HTML5, and Modern JS Libraries","author":"Eric Elliott","publish_date":"2014-07-01T00:00:00.000Z","publisher":"O'Reilly Media","pages":254,"description":"Take advantage of JavaScript's power to build robust web-scale or enterprise applications that are easy to extend and maintain. By applying the design patterns outlined in this practical book, experienced JavaScript developers will learn how to write flex","website":"http://chimera.labs.oreilly.com/books/1234000000262/index.html"},{"isbn":"9781593275846","title":"Eloquent JavaScript, Second Edition","subTitle":"A Modern Introduction to Programming","author":"Marijn Haverbeke","publish_date":"2014-12-14T00:00:00.000Z","publisher":"No Starch Press","pages":472,"description":"JavaScript lies at the heart of almost every modern web application, from social apps to the newest browser-based games. Though simple for beginners to pick up and play with, JavaScript is a flexible, complex language that you can use to build full-scale ","website":"http://eloquentjavascript.net/"},{"isbn":"9781593277574","title":"Understanding ECMAScript 6","subTitle":"The Definitive Guide for JavaScript Developers","author":"Nicholas C. Zakas","publish_date":"2016-09-03T00:00:00.000Z","publisher":"No Starch Press","pages":352,"description":"ECMAScript 6 represents the biggest update to the core of JavaScript in the history of the language. In Understanding ECMAScript 6, expert developer Nicholas C. Zakas provides a complete guide to the object types, syntax, and other exciting changes that E","website":"https://leanpub.com/understandinges6/read"}]}

11:16:32.754 [main] INFO  com.intuit.karate - [print] Quantidade de livros retornados: 8 
]]></system-out>
  </testcase>
  <testcase name="[1.2:18] Listar livros com diferentes parâmetros" classname="features/listarCategoriaOutline" time="0.614">
    <system-out><![CDATA[11:16:32.760 [main] INFO  com.intuit.karate - Token gerado no config: eyJhbGciOiJIUzI1NiIsInR5cCI6IkpXVCJ9.eyJ1c2VyTmFtZSI6InVzdWFyaW9fOTE5YTY0N2MtNjQwMS00ODRjLTk5NjAtMDk0ZDA4MjFjNzBhIiwicGFzc3dvcmQiOiJTZW5oYUAxMjMiLCJpYXQiOjE3NjgyMjczMTl9.x0qv268GDz02ZplVCSbe-FWUrAHHw8POOqC4nxLd47Q UserId: uid_1768227392756 
11:16:32.760 [main] DEBUG c.intuit.karate.core.ScenarioEngine - over-writing existing variable 'baseUrl' with new value: 'https://bookstore.demoqa.com'
11:16:32.762 [main] DEBUG com.intuit.karate - request:
1 > GET https://bookstore.demoqa.com/BookStore/v1/Books?invalidParam=abc
1 > Authorization: Bearer eyJhbGciOiJIUzI1NiIsInR5cCI6IkpXVCJ9.eyJ1c2VyTmFtZSI6InVzdWFyaW9fOTE5YTY0N2MtNjQwMS00ODRjLTk5NjAtMDk0ZDA4MjFjNzBhIiwicGFzc3dvcmQiOiJTZW5oYUAxMjMiLCJpYXQiOjE3NjgyMjczMTl9.x0qv268GDz02ZplVCSbe-FWUrAHHw8POOqC4nxLd47Q
1 > Host: bookstore.demoqa.com
1 > Connection: Keep-Alive
1 > User-Agent: Apache-HttpClient/4.5.14 (Java/21.0.9)
1 > Accept-Encoding: gzip,deflate


11:16:33.221 [main] DEBUG com.intuit.karate - response time in milliseconds: 459
1 < 200
1 < Server: nginx/1.17.10 (Ubuntu)
1 < Date: Mon, 12 Jan 2026 14:16:33 GMT
1 < Content-Type: application/json; charset=utf-8
1 < Content-Length: 4514
1 < Connection: keep-alive
1 < X-Powered-By: Express
1 < ETag: W/"11a2-8zfX++QwcgaCjSU6F8JP9fUd1tY"
{"books":[{"isbn":"9781449325862","title":"Git Pocket Guide","subTitle":"A Working Introduction","author":"Richard E. Silverman","publish_date":"2020-06-04T08:48:39.000Z","publisher":"O'Reilly Media","pages":234,"description":"This pocket guide is the perfect on-the-job companion to Git, the distributed version control system. It provides a compact, readable introduction to Git for new users, as well as a reference to common commands and procedures for those of you with Git exp","website":"http://chimera.labs.oreilly.com/books/1230000000561/index.html"},{"isbn":"9781449331818","title":"Learning JavaScript Design Patterns","subTitle":"A JavaScript and jQuery Developer's Guide","author":"Addy Osmani","publish_date":"2020-06-04T09:11:40.000Z","publisher":"O'Reilly Media","pages":254,"description":"With Learning JavaScript Design Patterns, you'll learn how to write beautiful, structured, and maintainable JavaScript by applying classical and modern design patterns to the language. If you want to keep your code efficient, more manageable, and up-to-da","website":"http://www.addyosmani.com/resources/essentialjsdesignpatterns/book/"},{"isbn":"9781449337711","title":"Designing Evolvable Web APIs with ASP.NET","subTitle":"Harnessing the Power of the Web","author":"Glenn Block et al.","publish_date":"2020-06-04T09:12:43.000Z","publisher":"O'Reilly Media","pages":238,"description":"Design and build Web APIs for a broad range of clients—including browsers and mobile devices—that can adapt to change over time. This practical, hands-on guide takes you through the theory and tools you need to build evolvable HTTP services with Microsoft","website":"http://chimera.labs.oreilly.com/books/1234000001708/index.html"},{"isbn":"9781449365035","title":"Speaking JavaScript","subTitle":"An In-Depth Guide for Programmers","author":"Axel Rauschmayer","publish_date":"2014-02-01T00:00:00.000Z","publisher":"O'Reilly Media","pages":460,"description":"Like it or not, JavaScript is everywhere these days-from browser to server to mobile-and now you, too, need to learn the language or dive deeper than you have. This concise book guides you into and through JavaScript, written by a veteran programmer who o","website":"http://speakingjs.com/"},{"isbn":"9781491904244","title":"You Don't Know JS","subTitle":"ES6 & Beyond","author":"Kyle Simpson","publish_date":"2015-12-27T00:00:00.000Z","publisher":"O'Reilly Media","pages":278,"description":"No matter how much experience you have with JavaScript, odds are you don’t fully understand the language. As part of the \\\"You Don’t Know JS\\\" series, this compact guide focuses on new features available in ECMAScript 6 (ES6), the latest version of the st","website":"https://github.com/getify/You-Dont-Know-JS/tree/master/es6%20&%20beyond"},{"isbn":"9781491950296","title":"Programming JavaScript Applications","subTitle":"Robust Web Architecture with Node, HTML5, and Modern JS Libraries","author":"Eric Elliott","publish_date":"2014-07-01T00:00:00.000Z","publisher":"O'Reilly Media","pages":254,"description":"Take advantage of JavaScript's power to build robust web-scale or enterprise applications that are easy to extend and maintain. By applying the design patterns outlined in this practical book, experienced JavaScript developers will learn how to write flex","website":"http://chimera.labs.oreilly.com/books/1234000000262/index.html"},{"isbn":"9781593275846","title":"Eloquent JavaScript, Second Edition","subTitle":"A Modern Introduction to Programming","author":"Marijn Haverbeke","publish_date":"2014-12-14T00:00:00.000Z","publisher":"No Starch Press","pages":472,"description":"JavaScript lies at the heart of almost every modern web application, from social apps to the newest browser-based games. Though simple for beginners to pick up and play with, JavaScript is a flexible, complex language that you can use to build full-scale ","website":"http://eloquentjavascript.net/"},{"isbn":"9781593277574","title":"Understanding ECMAScript 6","subTitle":"The Definitive Guide for JavaScript Developers","author":"Nicholas C. Zakas","publish_date":"2016-09-03T00:00:00.000Z","publisher":"No Starch Press","pages":352,"description":"ECMAScript 6 represents the biggest update to the core of JavaScript in the history of the language. In Understanding ECMAScript 6, expert developer Nicholas C. Zakas provides a complete guide to the object types, syntax, and other exciting changes that E","website":"https://leanpub.com/understandinges6/read"}]}

11:16:33.221 [main] INFO  com.intuit.karate - [print] Quantidade de livros retornados mesmo com parâmetro inválido: 8 
---------------------------------------------------------
feature: classpath:features/listarCategoriaOutline.feature
scenarios:  2 | passed:  2 | failed:  0 | time: 0,9625
---------------------------------------------------------

Karate version: 1.4.0
======================================================
elapsed:  76,72 | threads:    1 | thread time: 71,60 
features:    12 | skipped:    0 | efficiency: 0,93
scenarios:   34 | passed:    34 | failed: 0
======================================================

HTML report: (paste into browser to view) | Karate version: 1.4.0
file:///C:/Users/Gabriel%20Nitro/myproject/target/karate-reports/karate-summary.html
===================================================================

]]></system-out>
  </testcase>
</testsuite>